  [1m[35m (680.7ms)[0m  [1m[35mCREATE DATABASE "URLShortener_development" ENCODING = 'unicode'[0m
  [1m[35m (647.0ms)[0m  [1m[35mCREATE DATABASE "URLShortener_test" ENCODING = 'unicode'[0m
  [1m[35m (92.3ms)[0m  [1m[35mCREATE TABLE "schema_migrations" ("version" character varying NOT NULL PRIMARY KEY)[0m
  [1m[35m (135.0ms)[0m  [1m[35mCREATE TABLE "ar_internal_metadata" ("key" character varying NOT NULL PRIMARY KEY, "value" character varying, "created_at" timestamp(6) NOT NULL, "updated_at" timestamp(6) NOT NULL)[0m
  [1m[35m (0.7ms)[0m  [1m[34mSELECT pg_try_advisory_lock(4762635147840476445)[0m
  [1m[35m (0.6ms)[0m  [1m[34mSELECT "schema_migrations"."version" FROM "schema_migrations" ORDER BY "schema_migrations"."version" ASC[0m
Migrating to CreateUsers (20210417192219)
  [1m[36mTRANSACTION (0.1ms)[0m  [1m[35mBEGIN[0m
  [1m[35m (85.8ms)[0m  [1m[35mCREATE TABLE "users" ("id" bigserial primary key, "email" text, "created_at" timestamp(6) NOT NULL, "updated_at" timestamp(6) NOT NULL)[0m
  [1m[35m (38.6ms)[0m  [1m[35mCREATE INDEX "index_users_on_email" ON "users" ("email")[0m
  [1m[36mActiveRecord::SchemaMigration Create (0.6ms)[0m  [1m[32mINSERT INTO "schema_migrations" ("version") VALUES ($1) RETURNING "version"[0m  [["version", "20210417192219"]]
  [1m[36mTRANSACTION (20.4ms)[0m  [1m[35mCOMMIT[0m
  [1m[36mActiveRecord::InternalMetadata Load (0.4ms)[0m  [1m[34mSELECT "ar_internal_metadata".* FROM "ar_internal_metadata" WHERE "ar_internal_metadata"."key" = $1 LIMIT $2[0m  [["key", "environment"], ["LIMIT", 1]]
  [1m[36mTRANSACTION (0.2ms)[0m  [1m[35mBEGIN[0m
  [1m[36mActiveRecord::InternalMetadata Create (0.5ms)[0m  [1m[32mINSERT INTO "ar_internal_metadata" ("key", "value", "created_at", "updated_at") VALUES ($1, $2, $3, $4) RETURNING "key"[0m  [["key", "environment"], ["value", "development"], ["created_at", "2021-04-17 19:29:03.391546"], ["updated_at", "2021-04-17 19:29:03.391546"]]
  [1m[36mTRANSACTION (2.8ms)[0m  [1m[35mCOMMIT[0m
  [1m[35m (0.3ms)[0m  [1m[34mSELECT pg_advisory_unlock(4762635147840476445)[0m
  [1m[35m (0.6ms)[0m  [1m[34mSELECT "schema_migrations"."version" FROM "schema_migrations" ORDER BY "schema_migrations"."version" ASC[0m
  [1m[36mTRANSACTION (0.1ms)[0m  [1m[35mBEGIN[0m
  [1m[36mUser Exists? (1.1ms)[0m  [1m[34mSELECT 1 AS one FROM "users" WHERE "users"."email" = $1 LIMIT $2[0m  [["email", "siema@gmail.com"], ["LIMIT", 1]]
  [1m[36mUser Create (0.4ms)[0m  [1m[32mINSERT INTO "users" ("email", "created_at", "updated_at") VALUES ($1, $2, $3) RETURNING "id"[0m  [["email", "siema@gmail.com"], ["created_at", "2021-04-17 19:33:11.977750"], ["updated_at", "2021-04-17 19:33:11.977750"]]
  [1m[36mTRANSACTION (17.6ms)[0m  [1m[35mCOMMIT[0m
  [1m[36mUser Load (0.4ms)[0m  [1m[34mSELECT "users".* FROM "users" /* loading for inspect */ LIMIT $1[0m  [["LIMIT", 11]]
  [1m[36mUser Load (0.5ms)[0m  [1m[34mSELECT "users".* FROM "users" /* loading for inspect */ LIMIT $1[0m  [["LIMIT", 11]]
  [1m[36mTRANSACTION (0.1ms)[0m  [1m[35mBEGIN[0m
  [1m[36mUser Exists? (0.4ms)[0m  [1m[34mSELECT 1 AS one FROM "users" WHERE "users"."email" = $1 AND "users"."id" != $2 LIMIT $3[0m  [["email", "siema@gmail.com"], ["id", 1], ["LIMIT", 1]]
  [1m[36mTRANSACTION (0.1ms)[0m  [1m[35mCOMMIT[0m
  [1m[36mUser Load (0.4ms)[0m  [1m[34mSELECT "users".* FROM "users" /* loading for inspect */ LIMIT $1[0m  [["LIMIT", 11]]
  [1m[36mTRANSACTION (0.3ms)[0m  [1m[35mBEGIN[0m
  [1m[36mUser Exists? (1.1ms)[0m  [1m[34mSELECT 1 AS one FROM "users" WHERE "users"."email" IS NULL LIMIT $1[0m  [["LIMIT", 1]]
  [1m[36mTRANSACTION (0.2ms)[0m  [1m[31mROLLBACK[0m
  [1m[36mUser Load (0.4ms)[0m  [1m[34mSELECT "users".* FROM "users" /* loading for inspect */ LIMIT $1[0m  [["LIMIT", 11]]
  [1m[36mTRANSACTION (0.2ms)[0m  [1m[35mBEGIN[0m
  [1m[36mUser Exists? (0.4ms)[0m  [1m[34mSELECT 1 AS one FROM "users" WHERE "users"."email" = $1 LIMIT $2[0m  [["email", "siema@gmail.com"], ["LIMIT", 1]]
  [1m[36mTRANSACTION (0.3ms)[0m  [1m[31mROLLBACK[0m
  [1m[36mUser Load (0.4ms)[0m  [1m[34mSELECT "users".* FROM "users" /* loading for inspect */ LIMIT $1[0m  [["LIMIT", 11]]
  [1m[35m (0.1ms)[0m  [1m[34mSELECT pg_try_advisory_lock(4762635147840476445)[0m
  [1m[35m (0.3ms)[0m  [1m[34mSELECT "schema_migrations"."version" FROM "schema_migrations" ORDER BY "schema_migrations"."version" ASC[0m
Migrating to CreateShortenedUrl (20210417193558)
  [1m[36mTRANSACTION (0.2ms)[0m  [1m[35mBEGIN[0m
  [1m[35m (68.2ms)[0m  [1m[35mCREATE TABLE "shortened_urls" ("id" bigserial primary key, "long_url" character varying NOT NULL, "short_url" character varying NOT NULL, "user_id" integer)[0m
  [1m[35m (40.9ms)[0m  [1m[35mCREATE INDEX "index_shortened_urls_on_short_url" ON "shortened_urls" ("short_url")[0m
  [1m[36mActiveRecord::SchemaMigration Create (1.0ms)[0m  [1m[32mINSERT INTO "schema_migrations" ("version") VALUES ($1) RETURNING "version"[0m  [["version", "20210417193558"]]
  [1m[36mTRANSACTION (16.5ms)[0m  [1m[35mCOMMIT[0m
  [1m[36mActiveRecord::InternalMetadata Load (0.3ms)[0m  [1m[34mSELECT "ar_internal_metadata".* FROM "ar_internal_metadata" WHERE "ar_internal_metadata"."key" = $1 LIMIT $2[0m  [["key", "environment"], ["LIMIT", 1]]
  [1m[35m (0.2ms)[0m  [1m[34mSELECT pg_advisory_unlock(4762635147840476445)[0m
  [1m[35m (0.5ms)[0m  [1m[34mSELECT "schema_migrations"."version" FROM "schema_migrations" ORDER BY "schema_migrations"."version" ASC[0m
  [1m[35m (0.3ms)[0m  [1m[34mSELECT "schema_migrations"."version" FROM "schema_migrations" ORDER BY "schema_migrations"."version" ASC[0m
  [1m[35m (0.2ms)[0m  [1m[34mSELECT "schema_migrations"."version" FROM "schema_migrations" ORDER BY "schema_migrations"."version" ASC[0m
  [1m[35m (0.2ms)[0m  [1m[34mSELECT "schema_migrations"."version" FROM "schema_migrations" ORDER BY "schema_migrations"."version" ASC[0m
  [1m[35m (0.2ms)[0m  [1m[34mSELECT pg_try_advisory_lock(4762635147840476445)[0m
  [1m[35m (0.2ms)[0m  [1m[34mSELECT "schema_migrations"."version" FROM "schema_migrations" ORDER BY "schema_migrations"."version" ASC[0m
Migrating to CreateShortenedUrl (20210417193558)
  [1m[36mTRANSACTION (0.1ms)[0m  [1m[35mBEGIN[0m
  [1m[35m (0.5ms)[0m  [1m[35mDROP INDEX  "index_shortened_urls_on_short_url"[0m
  [1m[35m (0.5ms)[0m  [1m[35mDROP TABLE "shortened_urls"[0m
  [1m[36mActiveRecord::SchemaMigration Destroy (0.3ms)[0m  [1m[31mDELETE FROM "schema_migrations" WHERE "schema_migrations"."version" = $1[0m  [["version", "20210417193558"]]
  [1m[36mTRANSACTION (16.3ms)[0m  [1m[35mCOMMIT[0m
  [1m[35m (0.2ms)[0m  [1m[34mSELECT pg_advisory_unlock(4762635147840476445)[0m
  [1m[35m (0.4ms)[0m  [1m[34mSELECT "schema_migrations"."version" FROM "schema_migrations" ORDER BY "schema_migrations"."version" ASC[0m
  [1m[35m (0.1ms)[0m  [1m[34mSELECT pg_try_advisory_lock(4762635147840476445)[0m
  [1m[35m (0.3ms)[0m  [1m[34mSELECT "schema_migrations"."version" FROM "schema_migrations" ORDER BY "schema_migrations"."version" ASC[0m
Migrating to CreateShortenedUrl (20210417193558)
  [1m[36mTRANSACTION (0.1ms)[0m  [1m[35mBEGIN[0m
  [1m[35m (102.6ms)[0m  [1m[35mCREATE TABLE "shortened_urls" ("id" bigserial primary key, "long_url" character varying NOT NULL, "short_url" character varying NOT NULL, "user_id" integer)[0m
  [1m[35m (40.8ms)[0m  [1m[35mCREATE INDEX "index_shortened_urls_on_long_url" ON "shortened_urls" ("long_url")[0m
  [1m[36mActiveRecord::SchemaMigration Create (0.4ms)[0m  [1m[32mINSERT INTO "schema_migrations" ("version") VALUES ($1) RETURNING "version"[0m  [["version", "20210417193558"]]
  [1m[36mTRANSACTION (17.6ms)[0m  [1m[35mCOMMIT[0m
  [1m[36mActiveRecord::InternalMetadata Load (0.3ms)[0m  [1m[34mSELECT "ar_internal_metadata".* FROM "ar_internal_metadata" WHERE "ar_internal_metadata"."key" = $1 LIMIT $2[0m  [["key", "environment"], ["LIMIT", 1]]
  [1m[35m (0.4ms)[0m  [1m[34mSELECT pg_advisory_unlock(4762635147840476445)[0m
  [1m[35m (0.7ms)[0m  [1m[34mSELECT "schema_migrations"."version" FROM "schema_migrations" ORDER BY "schema_migrations"."version" ASC[0m
  [1m[35m (0.4ms)[0m  [1m[34mSELECT "schema_migrations"."version" FROM "schema_migrations" ORDER BY "schema_migrations"."version" ASC[0m
  [1m[35m (0.2ms)[0m  [1m[34mSELECT "schema_migrations"."version" FROM "schema_migrations" ORDER BY "schema_migrations"."version" ASC[0m
  [1m[35m (0.3ms)[0m  [1m[34mSELECT "schema_migrations"."version" FROM "schema_migrations" ORDER BY "schema_migrations"."version" ASC[0m
  [1m[35m (0.2ms)[0m  [1m[34mSELECT pg_try_advisory_lock(4762635147840476445)[0m
  [1m[35m (0.2ms)[0m  [1m[34mSELECT "schema_migrations"."version" FROM "schema_migrations" ORDER BY "schema_migrations"."version" ASC[0m
Migrating to CreateShortenedUrl (20210417193558)
  [1m[36mTRANSACTION (0.1ms)[0m  [1m[35mBEGIN[0m
  [1m[35m (0.3ms)[0m  [1m[35mDROP INDEX  "index_shortened_urls_on_long_url"[0m
  [1m[35m (0.6ms)[0m  [1m[35mDROP TABLE "shortened_urls"[0m
  [1m[36mActiveRecord::SchemaMigration Destroy (0.3ms)[0m  [1m[31mDELETE FROM "schema_migrations" WHERE "schema_migrations"."version" = $1[0m  [["version", "20210417193558"]]
  [1m[36mTRANSACTION (20.7ms)[0m  [1m[35mCOMMIT[0m
  [1m[35m (0.2ms)[0m  [1m[34mSELECT pg_advisory_unlock(4762635147840476445)[0m
  [1m[35m (0.4ms)[0m  [1m[34mSELECT "schema_migrations"."version" FROM "schema_migrations" ORDER BY "schema_migrations"."version" ASC[0m
  [1m[35m (0.1ms)[0m  [1m[34mSELECT pg_try_advisory_lock(4762635147840476445)[0m
  [1m[35m (0.3ms)[0m  [1m[34mSELECT "schema_migrations"."version" FROM "schema_migrations" ORDER BY "schema_migrations"."version" ASC[0m
Migrating to CreateShortenedUrl (20210417193558)
  [1m[36mTRANSACTION (0.1ms)[0m  [1m[35mBEGIN[0m
  [1m[35m (94.0ms)[0m  [1m[35mCREATE TABLE "shortened_urls" ("id" bigserial primary key, "long_url" character varying NOT NULL, "short_url" character varying NOT NULL, "user_id" integer)[0m
  [1m[35m (31.7ms)[0m  [1m[35mCREATE UNIQUE INDEX "index_shortened_urls_on_long_url_and_short_url" ON "shortened_urls" ("long_url", "short_url")[0m
  [1m[36mActiveRecord::SchemaMigration Create (0.4ms)[0m  [1m[32mINSERT INTO "schema_migrations" ("version") VALUES ($1) RETURNING "version"[0m  [["version", "20210417193558"]]
  [1m[36mTRANSACTION (15.6ms)[0m  [1m[35mCOMMIT[0m
  [1m[36mActiveRecord::InternalMetadata Load (0.3ms)[0m  [1m[34mSELECT "ar_internal_metadata".* FROM "ar_internal_metadata" WHERE "ar_internal_metadata"."key" = $1 LIMIT $2[0m  [["key", "environment"], ["LIMIT", 1]]
  [1m[35m (0.3ms)[0m  [1m[34mSELECT pg_advisory_unlock(4762635147840476445)[0m
  [1m[35m (0.4ms)[0m  [1m[34mSELECT "schema_migrations"."version" FROM "schema_migrations" ORDER BY "schema_migrations"."version" ASC[0m
  [1m[36mShortenedUrl Load (0.7ms)[0m  [1m[34mSELECT "shortened_urls".* FROM "shortened_urls" /* loading for inspect */ LIMIT $1[0m  [["LIMIT", 11]]
  [1m[36mTRANSACTION (0.2ms)[0m  [1m[35mBEGIN[0m
  [1m[36mShortenedUrl Exists? (0.3ms)[0m  [1m[34mSELECT 1 AS one FROM "shortened_urls" WHERE "shortened_urls"."short_url" IS NULL LIMIT $1[0m  [["LIMIT", 1]]
  [1m[36mShortenedUrl Exists? (0.5ms)[0m  [1m[34mSELECT 1 AS one FROM "shortened_urls" WHERE "shortened_urls"."long_url" = $1 LIMIT $2[0m  [["long_url", "siema"], ["LIMIT", 1]]
  [1m[36mTRANSACTION (0.2ms)[0m  [1m[31mROLLBACK[0m
  [1m[36mTRANSACTION (0.2ms)[0m  [1m[35mBEGIN[0m
  [1m[36mShortenedUrl Exists? (0.3ms)[0m  [1m[34mSELECT 1 AS one FROM "shortened_urls" WHERE "shortened_urls"."short_url" = $1 LIMIT $2[0m  [["short_url", "siema"], ["LIMIT", 1]]
  [1m[36mShortenedUrl Exists? (0.3ms)[0m  [1m[34mSELECT 1 AS one FROM "shortened_urls" WHERE "shortened_urls"."long_url" = $1 LIMIT $2[0m  [["long_url", "siema"], ["LIMIT", 1]]
  [1m[36mTRANSACTION (0.2ms)[0m  [1m[31mROLLBACK[0m
  [1m[36mTRANSACTION (0.2ms)[0m  [1m[35mBEGIN[0m
  [1m[36mShortenedUrl Exists? (0.2ms)[0m  [1m[34mSELECT 1 AS one FROM "shortened_urls" WHERE "shortened_urls"."short_url" = $1 LIMIT $2[0m  [["short_url", "siema"], ["LIMIT", 1]]
  [1m[36mShortenedUrl Exists? (0.2ms)[0m  [1m[34mSELECT 1 AS one FROM "shortened_urls" WHERE "shortened_urls"."long_url" = $1 LIMIT $2[0m  [["long_url", "siema"], ["LIMIT", 1]]
  [1m[36mShortenedUrl Create (0.4ms)[0m  [1m[32mINSERT INTO "shortened_urls" ("long_url", "short_url", "user_id") VALUES ($1, $2, $3) RETURNING "id"[0m  [["long_url", "siema"], ["short_url", "siema"], ["user_id", 0]]
  [1m[36mTRANSACTION (11.5ms)[0m  [1m[35mCOMMIT[0m
  [1m[36mShortenedUrl Load (0.3ms)[0m  [1m[34mSELECT "shortened_urls".* FROM "shortened_urls" /* loading for inspect */ LIMIT $1[0m  [["LIMIT", 11]]
  [1m[36mTRANSACTION (0.1ms)[0m  [1m[35mBEGIN[0m
  [1m[36mShortenedUrl Exists? (0.3ms)[0m  [1m[34mSELECT 1 AS one FROM "shortened_urls" WHERE "shortened_urls"."short_url" = $1 LIMIT $2[0m  [["short_url", "siema"], ["LIMIT", 1]]
  [1m[36mShortenedUrl Exists? (0.3ms)[0m  [1m[34mSELECT 1 AS one FROM "shortened_urls" WHERE "shortened_urls"."long_url" = $1 LIMIT $2[0m  [["long_url", "siema"], ["LIMIT", 1]]
  [1m[36mTRANSACTION (0.2ms)[0m  [1m[31mROLLBACK[0m
  [1m[36mShortenedUrl Load (0.2ms)[0m  [1m[34mSELECT "shortened_urls".* FROM "shortened_urls" ORDER BY "shortened_urls"."id" ASC LIMIT $1[0m  [["LIMIT", 1]]
  [1m[36mShortenedUrl Load (0.5ms)[0m  [1m[34mSELECT "shortened_urls".* FROM "shortened_urls" ORDER BY "shortened_urls"."id" ASC LIMIT $1[0m  [["LIMIT", 1]]
  [1m[36mShortenedUrl Load (0.6ms)[0m  [1m[34mSELECT "shortened_urls".* FROM "shortened_urls" ORDER BY "shortened_urls"."id" ASC LIMIT $1[0m  [["LIMIT", 1]]
  [1m[36mShortenedUrl Exists? (0.5ms)[0m  [1m[34mSELECT 1 AS one FROM "shortened_urls" WHERE "shortened_urls"."short_url" = $1 LIMIT $2[0m  [["short_url", "-d16L3bIwmScGCBQ6uyo_g"], ["LIMIT", 1]]
  [1m[36mShortenedUrl Exists? (0.3ms)[0m  [1m[34mSELECT 1 AS one FROM "shortened_urls" WHERE "shortened_urls"."short_url" = $1 LIMIT $2[0m  [["short_url", "g4kpe5PWKlLCpCrg2-KGjA"], ["LIMIT", 1]]
  [1m[36mShortenedUrl Exists? (0.4ms)[0m  [1m[34mSELECT 1 AS one FROM "shortened_urls" WHERE "shortened_urls"."short_url" = $1 LIMIT $2[0m  [["short_url", "QAsaOqNALftOZiwb_k3gZw"], ["LIMIT", 1]]
  [1m[36mShortenedUrl Exists? (0.3ms)[0m  [1m[34mSELECT 1 AS one FROM "shortened_urls" WHERE "shortened_urls"."short_url" = $1 LIMIT $2[0m  [["short_url", "bEIT8urnbhvBrG-iqdTaXw"], ["LIMIT", 1]]
  [1m[36mShortenedUrl Exists? (0.5ms)[0m  [1m[34mSELECT 1 AS one FROM "shortened_urls" WHERE "shortened_urls"."short_url" = $1 LIMIT $2[0m  [["short_url", "-472m10R6PGGuKpl93UxXg"], ["LIMIT", 1]]
  [1m[36mShortenedUrl Exists? (0.4ms)[0m  [1m[34mSELECT 1 AS one FROM "shortened_urls" WHERE "shortened_urls"."short_url" = $1 LIMIT $2[0m  [["short_url", "KTqyOSiEa_ySmcIm4Y50pA"], ["LIMIT", 1]]
  [1m[36mShortenedUrl Exists? (0.6ms)[0m  [1m[34mSELECT 1 AS one FROM "shortened_urls" WHERE "shortened_urls"."short_url" = $1 LIMIT $2[0m  [["short_url", "0YhcNRMetjqJRb9GqvOP2Q"], ["LIMIT", 1]]
  [1m[36mShortenedUrl Exists? (0.4ms)[0m  [1m[34mSELECT 1 AS one FROM "shortened_urls" WHERE "shortened_urls"."short_url" = $1 LIMIT $2[0m  [["short_url", "-Eeyo3y4b8jGKGZVblDkMw"], ["LIMIT", 1]]
  [1m[36mShortenedUrl Exists? (0.5ms)[0m  [1m[34mSELECT 1 AS one FROM "shortened_urls" WHERE "shortened_urls"."short_url" = $1 LIMIT $2[0m  [["short_url", "bqFSApZvZaxr9V6PuVeZAg"], ["LIMIT", 1]]
  [1m[36mShortenedUrl Exists? (0.5ms)[0m  [1m[34mSELECT 1 AS one FROM "shortened_urls" WHERE "shortened_urls"."short_url" = $1 LIMIT $2[0m  [["short_url", "UlJybM-h2u-MpID1TqheUg"], ["LIMIT", 1]]
  [1m[36mShortenedUrl Exists? (0.4ms)[0m  [1m[34mSELECT 1 AS one FROM "shortened_urls" WHERE "shortened_urls"."short_url" = $1 LIMIT $2[0m  [["short_url", "XMhsKcSwciY86KeFZFi7kA"], ["LIMIT", 1]]
  [1m[36mShortenedUrl Exists? (0.4ms)[0m  [1m[34mSELECT 1 AS one FROM "shortened_urls" WHERE "shortened_urls"."short_url" = $1 LIMIT $2[0m  [["short_url", "B_keSpyR1J5xG2fxZdKLvg"], ["LIMIT", 1]]
  [1m[36mShortenedUrl Exists? (0.4ms)[0m  [1m[34mSELECT 1 AS one FROM "shortened_urls" WHERE "shortened_urls"."short_url" = $1 LIMIT $2[0m  [["short_url", "EXVHfiOoXcTOPrxHeFmjOg"], ["LIMIT", 1]]
  [1m[36mShortenedUrl Exists? (0.5ms)[0m  [1m[34mSELECT 1 AS one FROM "shortened_urls" WHERE "shortened_urls"."short_url" = $1 LIMIT $2[0m  [["short_url", "YMNmOaF5SlX9AzFRpglnpQ"], ["LIMIT", 1]]
  [1m[36mShortenedUrl Exists? (0.5ms)[0m  [1m[34mSELECT 1 AS one FROM "shortened_urls" WHERE "shortened_urls"."short_url" = $1 LIMIT $2[0m  [["short_url", "74YSVBZUkiyclPRHZfMN4w"], ["LIMIT", 1]]
  [1m[36mShortenedUrl Exists? (0.5ms)[0m  [1m[34mSELECT 1 AS one FROM "shortened_urls" WHERE "shortened_urls"."short_url" = $1 LIMIT $2[0m  [["short_url", "YUcJdljkJNIPFurYYIEgIQ"], ["LIMIT", 1]]
  [1m[36mShortenedUrl Exists? (0.4ms)[0m  [1m[34mSELECT 1 AS one FROM "shortened_urls" WHERE "shortened_urls"."short_url" = $1 LIMIT $2[0m  [["short_url", "sc5RC42Jbs9BePCanSrofw"], ["LIMIT", 1]]
  [1m[36mTRANSACTION (0.3ms)[0m  [1m[35mBEGIN[0m
  [1m[36mUser Exists? (0.6ms)[0m  [1m[34mSELECT 1 AS one FROM "users" WHERE "users"."email" IS NULL LIMIT $1[0m  [["LIMIT", 1]]
  [1m[36mTRANSACTION (0.2ms)[0m  [1m[31mROLLBACK[0m
  [1m[36mTRANSACTION (0.3ms)[0m  [1m[35mBEGIN[0m
  [1m[36mUser Exists? (0.5ms)[0m  [1m[34mSELECT 1 AS one FROM "users" WHERE "users"."email" = $1 LIMIT $2[0m  [["email", "siema@gmail.com"], ["LIMIT", 1]]
  [1m[36mTRANSACTION (0.3ms)[0m  [1m[31mROLLBACK[0m
  [1m[36mUser Load (0.5ms)[0m  [1m[34mSELECT "users".* FROM "users"[0m
  [1m[36mTRANSACTION (0.3ms)[0m  [1m[35mBEGIN[0m
  [1m[36mUser Exists? (0.5ms)[0m  [1m[34mSELECT 1 AS one FROM "users" WHERE "users"."email" = $1 LIMIT $2[0m  [["email", "siemaa@gmail.com"], ["LIMIT", 1]]
  [1m[36mUser Create (0.7ms)[0m  [1m[32mINSERT INTO "users" ("email", "created_at", "updated_at") VALUES ($1, $2, $3) RETURNING "id"[0m  [["email", "siemaa@gmail.com"], ["created_at", "2021-04-17 20:18:14.119632"], ["updated_at", "2021-04-17 20:18:14.119632"]]
  [1m[36mTRANSACTION (14.8ms)[0m  [1m[35mCOMMIT[0m
  [1m[36mShortenedUrl Exists? (0.5ms)[0m  [1m[34mSELECT 1 AS one FROM "shortened_urls" WHERE "shortened_urls"."short_url" = $1 LIMIT $2[0m  [["short_url", "ZYbfrQ12OzgoJ54K1IyaJA"], ["LIMIT", 1]]
  [1m[36mTRANSACTION (0.3ms)[0m  [1m[35mBEGIN[0m
  [1m[36mShortenedUrl Exists? (0.3ms)[0m  [1m[34mSELECT 1 AS one FROM "shortened_urls" WHERE "shortened_urls"."short_url" = $1 LIMIT $2[0m  [["short_url", "ZYbfrQ12OzgoJ54K1IyaJA"], ["LIMIT", 1]]
  [1m[36mShortenedUrl Exists? (0.4ms)[0m  [1m[34mSELECT 1 AS one FROM "shortened_urls" WHERE "shortened_urls"."long_url" = $1 LIMIT $2[0m  [["long_url", "dlugilink"], ["LIMIT", 1]]
  [1m[36mShortenedUrl Exists? (0.4ms)[0m  [1m[34mSELECT 1 AS one FROM "shortened_urls" WHERE "shortened_urls"."short_url" = $1 LIMIT $2[0m  [["short_url", "ZYbfrQ12OzgoJ54K1IyaJA"], ["LIMIT", 1]]
  [1m[36mShortenedUrl Exists? (0.3ms)[0m  [1m[34mSELECT 1 AS one FROM "shortened_urls" WHERE "shortened_urls"."long_url" = $1 LIMIT $2[0m  [["long_url", "dlugilink"], ["LIMIT", 1]]
  [1m[36mUser Load (0.2ms)[0m  [1m[34mSELECT "users".* FROM "users" WHERE "users"."id" = $1 LIMIT $2[0m  [["id", 2], ["LIMIT", 1]]
  [1m[36mShortenedUrl Create (0.3ms)[0m  [1m[32mINSERT INTO "shortened_urls" ("long_url", "short_url", "user_id") VALUES ($1, $2, $3) RETURNING "id"[0m  [["long_url", "dlugilink"], ["short_url", "ZYbfrQ12OzgoJ54K1IyaJA"], ["user_id", 2]]
  [1m[36mTRANSACTION (18.5ms)[0m  [1m[35mCOMMIT[0m
  [1m[36mShortenedUrl Load (0.5ms)[0m  [1m[34mSELECT "shortened_urls".* FROM "shortened_urls"[0m
  [1m[36mShortenedUrl Exists? (0.6ms)[0m  [1m[34mSELECT 1 AS one FROM "shortened_urls" WHERE "shortened_urls"."short_url" = $1 LIMIT $2[0m  [["short_url", "ayXTDy2_UIJQsoj47XkI5Q"], ["LIMIT", 1]]
  [1m[36mTRANSACTION (0.2ms)[0m  [1m[35mBEGIN[0m
  [1m[36mShortenedUrl Exists? (0.5ms)[0m  [1m[34mSELECT 1 AS one FROM "shortened_urls" WHERE "shortened_urls"."short_url" = $1 LIMIT $2[0m  [["short_url", "ayXTDy2_UIJQsoj47XkI5Q"], ["LIMIT", 1]]
  [1m[36mShortenedUrl Exists? (0.5ms)[0m  [1m[34mSELECT 1 AS one FROM "shortened_urls" WHERE "shortened_urls"."long_url" = $1 LIMIT $2[0m  [["long_url", "dlugilink"], ["LIMIT", 1]]
  [1m[36mShortenedUrl Exists? (0.6ms)[0m  [1m[34mSELECT 1 AS one FROM "shortened_urls" WHERE "shortened_urls"."short_url" = $1 LIMIT $2[0m  [["short_url", "ayXTDy2_UIJQsoj47XkI5Q"], ["LIMIT", 1]]
  [1m[36mShortenedUrl Exists? (0.6ms)[0m  [1m[34mSELECT 1 AS one FROM "shortened_urls" WHERE "shortened_urls"."long_url" = $1 LIMIT $2[0m  [["long_url", "dlugilink"], ["LIMIT", 1]]
  [1m[36mUser Load (0.8ms)[0m  [1m[34mSELECT "users".* FROM "users" WHERE "users"."id" = $1 LIMIT $2[0m  [["id", 2], ["LIMIT", 1]]
  [1m[36mTRANSACTION (2.1ms)[0m  [1m[31mROLLBACK[0m
  [1m[36mShortenedUrl Load (0.5ms)[0m  [1m[34mSELECT "shortened_urls".* FROM "shortened_urls" ORDER BY "shortened_urls"."id" ASC LIMIT $1[0m  [["LIMIT", 1]]
  [1m[36mShortenedUrl Load (0.5ms)[0m  [1m[34mSELECT "shortened_urls".* FROM "shortened_urls" ORDER BY "shortened_urls"."id" DESC LIMIT $1[0m  [["LIMIT", 1]]
  [1m[36mShortenedUrl Load (0.5ms)[0m  [1m[34mSELECT "shortened_urls".* FROM "shortened_urls" ORDER BY "shortened_urls"."id" DESC LIMIT $1[0m  [["LIMIT", 1]]
  [1m[36mUser Load (0.6ms)[0m  [1m[34mSELECT "users".* FROM "users" WHERE "users"."id" = $1 LIMIT $2[0m  [["id", 2], ["LIMIT", 1]]
  [1m[36mUser Load (0.4ms)[0m  [1m[34mSELECT "users".* FROM "users" ORDER BY "users"."id" DESC LIMIT $1[0m  [["LIMIT", 1]]
  [1m[36mShortenedUrl Load (0.3ms)[0m  [1m[34mSELECT "shortened_urls".* FROM "shortened_urls" WHERE "shortened_urls"."user_id" = $1[0m  [["user_id", 2]]
  [1m[35m (0.1ms)[0m  [1m[34mSELECT pg_try_advisory_lock(4762635147840476445)[0m
  [1m[35m (0.4ms)[0m  [1m[34mSELECT "schema_migrations"."version" FROM "schema_migrations" ORDER BY "schema_migrations"."version" ASC[0m
Migrating to CreateVisits (20210417205201)
  [1m[36mTRANSACTION (0.2ms)[0m  [1m[35mBEGIN[0m
  [1m[35m (81.9ms)[0m  [1m[35mCREATE TABLE "visits" ("id" bigserial primary key, "short_url" character varying, "user_id" integer, "created_at" timestamp(6) NOT NULL, "updated_at" timestamp(6) NOT NULL)[0m
  [1m[36mActiveRecord::SchemaMigration Create (0.6ms)[0m  [1m[32mINSERT INTO "schema_migrations" ("version") VALUES ($1) RETURNING "version"[0m  [["version", "20210417205201"]]
  [1m[36mTRANSACTION (15.2ms)[0m  [1m[35mCOMMIT[0m
  [1m[36mActiveRecord::InternalMetadata Load (1.1ms)[0m  [1m[34mSELECT "ar_internal_metadata".* FROM "ar_internal_metadata" WHERE "ar_internal_metadata"."key" = $1 LIMIT $2[0m  [["key", "environment"], ["LIMIT", 1]]
  [1m[35m (0.5ms)[0m  [1m[34mSELECT pg_advisory_unlock(4762635147840476445)[0m
  [1m[35m (0.5ms)[0m  [1m[34mSELECT "schema_migrations"."version" FROM "schema_migrations" ORDER BY "schema_migrations"."version" ASC[0m
  [1m[35m (0.4ms)[0m  [1m[34mSELECT "schema_migrations"."version" FROM "schema_migrations" ORDER BY "schema_migrations"."version" ASC[0m
  [1m[35m (0.2ms)[0m  [1m[34mSELECT "schema_migrations"."version" FROM "schema_migrations" ORDER BY "schema_migrations"."version" ASC[0m
  [1m[35m (0.2ms)[0m  [1m[34mSELECT "schema_migrations"."version" FROM "schema_migrations" ORDER BY "schema_migrations"."version" ASC[0m
  [1m[35m (0.1ms)[0m  [1m[34mSELECT pg_try_advisory_lock(4762635147840476445)[0m
  [1m[35m (0.2ms)[0m  [1m[34mSELECT "schema_migrations"."version" FROM "schema_migrations" ORDER BY "schema_migrations"."version" ASC[0m
Migrating to CreateVisits (20210417205201)
  [1m[36mTRANSACTION (0.2ms)[0m  [1m[35mBEGIN[0m
  [1m[35m (0.8ms)[0m  [1m[35mDROP TABLE "visits"[0m
  [1m[36mActiveRecord::SchemaMigration Destroy (0.3ms)[0m  [1m[31mDELETE FROM "schema_migrations" WHERE "schema_migrations"."version" = $1[0m  [["version", "20210417205201"]]
  [1m[36mTRANSACTION (20.2ms)[0m  [1m[35mCOMMIT[0m
  [1m[35m (0.2ms)[0m  [1m[34mSELECT pg_advisory_unlock(4762635147840476445)[0m
  [1m[35m (0.4ms)[0m  [1m[34mSELECT "schema_migrations"."version" FROM "schema_migrations" ORDER BY "schema_migrations"."version" ASC[0m
  [1m[35m (0.1ms)[0m  [1m[34mSELECT pg_try_advisory_lock(4762635147840476445)[0m
  [1m[35m (0.4ms)[0m  [1m[34mSELECT "schema_migrations"."version" FROM "schema_migrations" ORDER BY "schema_migrations"."version" ASC[0m
Migrating to CreateVisits (20210417205201)
  [1m[36mTRANSACTION (0.1ms)[0m  [1m[35mBEGIN[0m
  [1m[35m (47.5ms)[0m  [1m[35mCREATE TABLE "visits" ("id" bigserial primary key, "short_url_id" integer, "user_id" integer, "created_at" timestamp(6) NOT NULL, "updated_at" timestamp(6) NOT NULL)[0m
  [1m[36mActiveRecord::SchemaMigration Create (0.2ms)[0m  [1m[32mINSERT INTO "schema_migrations" ("version") VALUES ($1) RETURNING "version"[0m  [["version", "20210417205201"]]
  [1m[36mTRANSACTION (18.5ms)[0m  [1m[35mCOMMIT[0m
  [1m[36mActiveRecord::InternalMetadata Load (0.2ms)[0m  [1m[34mSELECT "ar_internal_metadata".* FROM "ar_internal_metadata" WHERE "ar_internal_metadata"."key" = $1 LIMIT $2[0m  [["key", "environment"], ["LIMIT", 1]]
  [1m[35m (0.2ms)[0m  [1m[34mSELECT pg_advisory_unlock(4762635147840476445)[0m
  [1m[35m (0.4ms)[0m  [1m[34mSELECT "schema_migrations"."version" FROM "schema_migrations" ORDER BY "schema_migrations"."version" ASC[0m
  [1m[36mShortenedUrl Load (0.3ms)[0m  [1m[34mSELECT "shortened_urls".* FROM "shortened_urls"[0m
  [1m[36mShortenedUrl Load (0.6ms)[0m  [1m[34mSELECT "shortened_urls".* FROM "shortened_urls"[0m
  [1m[36mTRANSACTION (0.2ms)[0m  [1m[35mBEGIN[0m
  [1m[36mShortenedUrl Load (0.3ms)[0m  [1m[34mSELECT "shortened_urls".* FROM "shortened_urls" WHERE "shortened_urls"."id" = $1 LIMIT $2[0m  [["id", 2], ["LIMIT", 1]]
  [1m[36mUser Load (0.3ms)[0m  [1m[34mSELECT "users".* FROM "users" WHERE "users"."id" = $1 LIMIT $2[0m  [["id", 1], ["LIMIT", 1]]
  [1m[36mVisit Create (0.5ms)[0m  [1m[32mINSERT INTO "visits" ("short_url_id", "user_id", "created_at", "updated_at") VALUES ($1, $2, $3, $4) RETURNING "id"[0m  [["short_url_id", 2], ["user_id", 1], ["created_at", "2021-04-17 21:12:46.118022"], ["updated_at", "2021-04-17 21:12:46.118022"]]
  [1m[36mTRANSACTION (28.4ms)[0m  [1m[35mCOMMIT[0m
  [1m[36mTRANSACTION (0.3ms)[0m  [1m[35mBEGIN[0m
  [1m[36mShortenedUrl Load (1.4ms)[0m  [1m[34mSELECT "shortened_urls".* FROM "shortened_urls" WHERE "shortened_urls"."id" = $1 LIMIT $2[0m  [["id", 2], ["LIMIT", 1]]
  [1m[36mUser Load (0.5ms)[0m  [1m[34mSELECT "users".* FROM "users" WHERE "users"."id" = $1 LIMIT $2[0m  [["id", 1], ["LIMIT", 1]]
  [1m[36mVisit Create (0.8ms)[0m  [1m[32mINSERT INTO "visits" ("short_url_id", "user_id", "created_at", "updated_at") VALUES ($1, $2, $3, $4) RETURNING "id"[0m  [["short_url_id", 2], ["user_id", 1], ["created_at", "2021-04-17 21:12:48.168662"], ["updated_at", "2021-04-17 21:12:48.168662"]]
  [1m[36mTRANSACTION (16.5ms)[0m  [1m[35mCOMMIT[0m
  [1m[36mTRANSACTION (0.4ms)[0m  [1m[35mBEGIN[0m
  [1m[36mShortenedUrl Load (0.6ms)[0m  [1m[34mSELECT "shortened_urls".* FROM "shortened_urls" WHERE "shortened_urls"."id" = $1 LIMIT $2[0m  [["id", 2], ["LIMIT", 1]]
  [1m[36mUser Load (0.5ms)[0m  [1m[34mSELECT "users".* FROM "users" WHERE "users"."id" = $1 LIMIT $2[0m  [["id", 2], ["LIMIT", 1]]
  [1m[36mVisit Create (0.9ms)[0m  [1m[32mINSERT INTO "visits" ("short_url_id", "user_id", "created_at", "updated_at") VALUES ($1, $2, $3, $4) RETURNING "id"[0m  [["short_url_id", 2], ["user_id", 2], ["created_at", "2021-04-17 21:13:00.247544"], ["updated_at", "2021-04-17 21:13:00.247544"]]
  [1m[36mTRANSACTION (14.1ms)[0m  [1m[35mCOMMIT[0m
  [1m[36mTRANSACTION (0.4ms)[0m  [1m[35mBEGIN[0m
  [1m[36mShortenedUrl Load (0.5ms)[0m  [1m[34mSELECT "shortened_urls".* FROM "shortened_urls" WHERE "shortened_urls"."id" = $1 LIMIT $2[0m  [["id", 1], ["LIMIT", 1]]
  [1m[36mUser Load (0.6ms)[0m  [1m[34mSELECT "users".* FROM "users" WHERE "users"."id" = $1 LIMIT $2[0m  [["id", 2], ["LIMIT", 1]]
  [1m[36mVisit Create (0.7ms)[0m  [1m[32mINSERT INTO "visits" ("short_url_id", "user_id", "created_at", "updated_at") VALUES ($1, $2, $3, $4) RETURNING "id"[0m  [["short_url_id", 1], ["user_id", 2], ["created_at", "2021-04-17 21:13:05.105011"], ["updated_at", "2021-04-17 21:13:05.105011"]]
  [1m[36mTRANSACTION (14.9ms)[0m  [1m[35mCOMMIT[0m
  [1m[36mUser Load (0.7ms)[0m  [1m[34mSELECT "users".* FROM "users" ORDER BY "users"."id" ASC LIMIT $1[0m  [["LIMIT", 1]]
  [1m[36mShortenedUrl Load (0.6ms)[0m  [1m[34mSELECT "shortened_urls".* FROM "shortened_urls" WHERE "shortened_urls"."user_id" = $1[0m  [["user_id", 1]]
  [1m[36mShortenedUrl Load (0.6ms)[0m  [1m[34mSELECT "shortened_urls".* FROM "shortened_urls"[0m
  [1m[36mUser Load (0.5ms)[0m  [1m[34mSELECT "users".* FROM "users" ORDER BY "users"."id" DESC LIMIT $1[0m  [["LIMIT", 1]]
  [1m[36mShortenedUrl Load (0.6ms)[0m  [1m[34mSELECT "shortened_urls".* FROM "shortened_urls" WHERE "shortened_urls"."user_id" = $1[0m  [["user_id", 2]]
  [1m[36mUser Load (0.7ms)[0m  [1m[34mSELECT "users".* FROM "users" ORDER BY "users"."id" DESC LIMIT $1[0m  [["LIMIT", 1]]
  [1m[36mUser Load (0.2ms)[0m  [1m[34mSELECT "users".* FROM "users" ORDER BY "users"."id" DESC LIMIT $1[0m  [["LIMIT", 1]]
  [1m[36mUser Load (0.8ms)[0m  [1m[34mSELECT "users".* FROM "users" ORDER BY "users"."id" DESC LIMIT $1[0m  [["LIMIT", 1]]
  [1m[36mUser Load (0.5ms)[0m  [1m[34mSELECT "users".* FROM "users" ORDER BY "users"."id" DESC LIMIT $1[0m  [["LIMIT", 1]]
  [1m[35m (0.2ms)[0m  [1m[34mSELECT pg_try_advisory_lock(4762635147840476445)[0m
  [1m[35m (0.3ms)[0m  [1m[34mSELECT "schema_migrations"."version" FROM "schema_migrations" ORDER BY "schema_migrations"."version" ASC[0m
  [1m[36mActiveRecord::InternalMetadata Load (0.2ms)[0m  [1m[34mSELECT "ar_internal_metadata".* FROM "ar_internal_metadata" WHERE "ar_internal_metadata"."key" = $1 LIMIT $2[0m  [["key", "environment"], ["LIMIT", 1]]
  [1m[35m (0.2ms)[0m  [1m[34mSELECT pg_advisory_unlock(4762635147840476445)[0m
  [1m[35m (0.3ms)[0m  [1m[34mSELECT "schema_migrations"."version" FROM "schema_migrations" ORDER BY "schema_migrations"."version" ASC[0m
  [1m[36mUser Load (0.3ms)[0m  [1m[34mSELECT "users".* FROM "users" ORDER BY "users"."id" DESC LIMIT $1[0m  [["LIMIT", 1]]
  [1m[36mUser Load (0.8ms)[0m  [1m[34mSELECT "users".* FROM "users" ORDER BY "users"."id" DESC LIMIT $1[0m  [["LIMIT", 1]]
  [1m[36mUser Load (0.5ms)[0m  [1m[34mSELECT "users".* FROM "users" ORDER BY "users"."id" DESC LIMIT $1[0m  [["LIMIT", 1]]
  [1m[36mUser Load (0.9ms)[0m  [1m[34mSELECT "users".* FROM "users" ORDER BY "users"."id" DESC LIMIT $1[0m  [["LIMIT", 1]]
  [1m[36mUser Load (0.7ms)[0m  [1m[34mSELECT "users".* FROM "users" ORDER BY "users"."id" DESC LIMIT $1[0m  [["LIMIT", 1]]
  [1m[36mShortenedUrl Load (0.4ms)[0m  [1m[34mSELECT "shortened_urls".* FROM "shortened_urls" INNER JOIN "visits" ON "shortened_urls"."id" = "visits"."short_url_id" WHERE "visits"."user_id" = $1[0m  [["user_id", 2]]
  [1m[36mUser Load (0.6ms)[0m  [1m[34mSELECT "users".* FROM "users" ORDER BY "users"."id" DESC LIMIT $1[0m  [["LIMIT", 1]]
  [1m[36mShortenedUrl Load (0.9ms)[0m  [1m[34mSELECT "shortened_urls".* FROM "shortened_urls" INNER JOIN "visits" ON "shortened_urls"."id" = "visits"."short_url_id" WHERE "visits"."user_id" = $1[0m  [["user_id", 2]]
  [1m[36mShortenedUrl Load (0.7ms)[0m  [1m[34mSELECT "shortened_urls".* FROM "shortened_urls" ORDER BY "shortened_urls"."id" DESC LIMIT $1[0m  [["LIMIT", 1]]
  [1m[36mUser Load (0.9ms)[0m  [1m[34mSELECT "users".* FROM "users" INNER JOIN "visits" ON "users"."id" = "visits"."user_id" WHERE "visits"."short_url_id" = $1[0m  [["short_url_id", 2]]
  [1m[36mShortenedUrl Load (0.2ms)[0m  [1m[34mSELECT "shortened_urls".* FROM "shortened_urls"[0m
  [1m[36mShortenedUrl Load (0.4ms)[0m  [1m[34mSELECT "shortened_urls".* FROM "shortened_urls" ORDER BY "shortened_urls"."id" DESC LIMIT $1[0m  [["LIMIT", 1]]
  [1m[36mShortenedUrl Load (0.3ms)[0m  [1m[34mSELECT "shortened_urls".* FROM "shortened_urls" ORDER BY "shortened_urls"."id" DESC LIMIT $1[0m  [["LIMIT", 1]]
  [1m[36mUser Load (0.4ms)[0m  [1m[34mSELECT "users".* FROM "users" INNER JOIN "visits" ON "users"."id" = "visits"."user_id" WHERE "visits"."short_url_id" = $1[0m  [["short_url_id", 2]]
  [1m[36mShortenedUrl Load (0.3ms)[0m  [1m[34mSELECT "shortened_urls".* FROM "shortened_urls" ORDER BY "shortened_urls"."id" DESC LIMIT $1[0m  [["LIMIT", 1]]
  [1m[36mVisit Load (0.2ms)[0m  [1m[34mSELECT "visits".* FROM "visits"[0m
  [1m[36mShortenedUrl Load (0.2ms)[0m  [1m[34mSELECT "shortened_urls".* FROM "shortened_urls" ORDER BY "shortened_urls"."id" DESC LIMIT $1[0m  [["LIMIT", 1]]
  [1m[36mVisit Load (0.2ms)[0m  [1m[34mSELECT "visits".* FROM "visits"[0m
  [1m[36mShortenedUrl Load (0.3ms)[0m  [1m[34mSELECT "shortened_urls".* FROM "shortened_urls" ORDER BY "shortened_urls"."id" DESC LIMIT $1[0m  [["LIMIT", 1]]
  [1m[36mVisit Load (0.4ms)[0m  [1m[34mSELECT "visits".* FROM "visits"[0m
  [1m[36mShortenedUrl Load (0.3ms)[0m  [1m[34mSELECT "shortened_urls".* FROM "shortened_urls" ORDER BY "shortened_urls"."id" DESC LIMIT $1[0m  [["LIMIT", 1]]
  [1m[36mVisit Load (0.3ms)[0m  [1m[34mSELECT "visits".* FROM "visits"[0m
  [1m[36mShortenedUrl Load (0.3ms)[0m  [1m[34mSELECT "shortened_urls".* FROM "shortened_urls" ORDER BY "shortened_urls"."id" DESC LIMIT $1[0m  [["LIMIT", 1]]
  [1m[36mShortenedUrl Load (0.3ms)[0m  [1m[34mSELECT "shortened_urls".* FROM "shortened_urls" ORDER BY "shortened_urls"."id" DESC LIMIT $1[0m  [["LIMIT", 1]]
  [1m[36mShortenedUrl Load (0.2ms)[0m  [1m[34mSELECT "shortened_urls".* FROM "shortened_urls" ORDER BY "shortened_urls"."id" DESC LIMIT $1[0m  [["LIMIT", 1]]
  [1m[36mVisit Load (0.3ms)[0m  [1m[34mSELECT "visits".* FROM "visits"[0m
  [1m[36mShortenedUrl Load (0.3ms)[0m  [1m[34mSELECT "shortened_urls".* FROM "shortened_urls" ORDER BY "shortened_urls"."id" DESC LIMIT $1[0m  [["LIMIT", 1]]
  [1m[36mShortenedUrl Load (0.6ms)[0m  [1m[34mSELECT "shortened_urls".* FROM "shortened_urls" ORDER BY "shortened_urls"."id" DESC LIMIT $1[0m  [["LIMIT", 1]]
  [1m[36mShortenedUrl Load (0.2ms)[0m  [1m[34mSELECT "shortened_urls".* FROM "shortened_urls" ORDER BY "shortened_urls"."id" DESC LIMIT $1[0m  [["LIMIT", 1]]
  [1m[36mShortenedUrl Load (0.3ms)[0m  [1m[34mSELECT "shortened_urls".* FROM "shortened_urls" ORDER BY "shortened_urls"."id" DESC LIMIT $1[0m  [["LIMIT", 1]]
  [1m[35m (0.3ms)[0m  [1m[34mSELECT COUNT(*) FROM "visits"[0m
  [1m[36mShortenedUrl Load (0.3ms)[0m  [1m[34mSELECT "shortened_urls".* FROM "shortened_urls" ORDER BY "shortened_urls"."id" DESC LIMIT $1[0m  [["LIMIT", 1]]
  [1m[36mUser Load (0.4ms)[0m  [1m[34mSELECT "users".* FROM "users" INNER JOIN "visits" ON "users"."id" = "visits"."user_id" WHERE "visits"."short_url_id" = $1[0m  [["short_url_id", 2]]
  [1m[36mShortenedUrl Load (0.3ms)[0m  [1m[34mSELECT "shortened_urls".* FROM "shortened_urls" ORDER BY "shortened_urls"."id" DESC LIMIT $1[0m  [["LIMIT", 1]]
  [1m[35m (0.3ms)[0m  [1m[34mSELECT COUNT(*) FROM "visits"[0m
  [1m[36mShortenedUrl Load (0.3ms)[0m  [1m[34mSELECT "shortened_urls".* FROM "shortened_urls" ORDER BY "shortened_urls"."id" DESC LIMIT $1[0m  [["LIMIT", 1]]
  [1m[35m (0.3ms)[0m  [1m[34mSELECT COUNT(*) FROM "visits"[0m
  [1m[36mShortenedUrl Load (0.3ms)[0m  [1m[34mSELECT "shortened_urls".* FROM "shortened_urls" ORDER BY "shortened_urls"."id" DESC LIMIT $1[0m  [["LIMIT", 1]]
  [1m[36mVisit Load (0.3ms)[0m  [1m[34mSELECT "visits".* FROM "visits"[0m
  [1m[36mShortenedUrl Load (0.4ms)[0m  [1m[34mSELECT "shortened_urls".* FROM "shortened_urls" ORDER BY "shortened_urls"."id" DESC LIMIT $1[0m  [["LIMIT", 1]]
  [1m[36mShortenedUrl Load (0.4ms)[0m  [1m[34mSELECT "shortened_urls".* FROM "shortened_urls" ORDER BY "shortened_urls"."id" DESC LIMIT $1[0m  [["LIMIT", 1]]
  [1m[36mShortenedUrl Load (0.4ms)[0m  [1m[34mSELECT "shortened_urls".* FROM "shortened_urls" ORDER BY "shortened_urls"."id" DESC LIMIT $1[0m  [["LIMIT", 1]]
  [1m[36mVisit Load (0.9ms)[0m  [1m[34mSELECT DISTINCT "visits".* FROM "visits"[0m
  [1m[36mShortenedUrl Load (0.4ms)[0m  [1m[34mSELECT "shortened_urls".* FROM "shortened_urls" ORDER BY "shortened_urls"."id" DESC LIMIT $1[0m  [["LIMIT", 1]]
  [1m[36mVisit Load (0.3ms)[0m  [1m[34mSELECT "visits".* FROM "visits"[0m
  [1m[36mShortenedUrl Load (0.3ms)[0m  [1m[34mSELECT "shortened_urls".* FROM "shortened_urls" ORDER BY "shortened_urls"."id" DESC LIMIT $1[0m  [["LIMIT", 1]]
  [1m[36mUser Load (0.4ms)[0m  [1m[34mSELECT "users".* FROM "users" INNER JOIN "visits" ON "users"."id" = "visits"."user_id" WHERE "visits"."short_url_id" = $1[0m  [["short_url_id", 2]]
  [1m[36mShortenedUrl Load (0.5ms)[0m  [1m[34mSELECT "shortened_urls".* FROM "shortened_urls" ORDER BY "shortened_urls"."id" DESC LIMIT $1[0m  [["LIMIT", 1]]
  [1m[36mUser Load (0.5ms)[0m  [1m[34mSELECT "users".* FROM "users" INNER JOIN "visits" ON "users"."id" = "visits"."user_id" WHERE "visits"."short_url_id" = $1[0m  [["short_url_id", 2]]
  [1m[36mShortenedUrl Load (0.4ms)[0m  [1m[34mSELECT "shortened_urls".* FROM "shortened_urls" ORDER BY "shortened_urls"."id" DESC LIMIT $1[0m  [["LIMIT", 1]]
  [1m[36mShortenedUrl Load (0.2ms)[0m  [1m[34mSELECT "shortened_urls".* FROM "shortened_urls" ORDER BY "shortened_urls"."id" DESC LIMIT $1[0m  [["LIMIT", 1]]
  [1m[36mVisit Load (0.3ms)[0m  [1m[34mSELECT DISTINCT "visits"."user_id" FROM "visits"[0m
  [1m[36mShortenedUrl Load (0.2ms)[0m  [1m[34mSELECT "shortened_urls".* FROM "shortened_urls" ORDER BY "shortened_urls"."id" DESC LIMIT $1[0m  [["LIMIT", 1]]
  [1m[36mVisit Load (0.2ms)[0m  [1m[34mSELECT DISTINCT "visits"."short_url_id" FROM "visits"[0m
  [1m[36mShortenedUrl Load (0.2ms)[0m  [1m[34mSELECT "shortened_urls".* FROM "shortened_urls" ORDER BY "shortened_urls"."id" DESC LIMIT $1[0m  [["LIMIT", 1]]
  [1m[36mVisit Load (0.2ms)[0m  [1m[34mSELECT DISTINCT "visits"."short_url_id" FROM "visits"[0m
  [1m[36mShortenedUrl Load (0.2ms)[0m  [1m[34mSELECT "shortened_urls".* FROM "shortened_urls" ORDER BY "shortened_urls"."id" DESC LIMIT $1[0m  [["LIMIT", 1]]
  [1m[36mVisit Load (0.2ms)[0m  [1m[34mSELECT DISTINCT "visits"."user_id" FROM "visits"[0m
  [1m[36mShortenedUrl Load (0.2ms)[0m  [1m[34mSELECT "shortened_urls".* FROM "shortened_urls" ORDER BY "shortened_urls"."id" DESC LIMIT $1[0m  [["LIMIT", 1]]
  [1m[36mVisit Load (0.3ms)[0m  [1m[34mSELECT "visits".* FROM "visits"[0m
  [1m[35m (0.7ms)[0m  [1m[34mSELECT COUNT({:conditions=>"short_url_id == 2"}) FROM "visits"[0m
  [1m[36mShortenedUrl Load (0.3ms)[0m  [1m[34mSELECT "shortened_urls".* FROM "shortened_urls" ORDER BY "shortened_urls"."id" DESC LIMIT $1[0m  [["LIMIT", 1]]
  [1m[36mVisit Load (0.3ms)[0m  [1m[34mSELECT "visits".* FROM "visits"[0m
  [1m[35m (0.6ms)[0m  [1m[34mSELECT COUNT({:conditions=>"short_url_id = 2"}) FROM "visits"[0m
  [1m[36mShortenedUrl Load (0.2ms)[0m  [1m[34mSELECT "shortened_urls".* FROM "shortened_urls" ORDER BY "shortened_urls"."id" DESC LIMIT $1[0m  [["LIMIT", 1]]
  [1m[36mVisit Load (0.3ms)[0m  [1m[34mSELECT "visits".* FROM "visits"[0m
  [1m[36mShortenedUrl Load (0.3ms)[0m  [1m[34mSELECT "shortened_urls".* FROM "shortened_urls" ORDER BY "shortened_urls"."id" DESC LIMIT $1[0m  [["LIMIT", 1]]
  [1m[36mVisit Load (0.3ms)[0m  [1m[34mSELECT DISTINCT "visits"."user_id" FROM "visits"[0m
  [1m[36mShortenedUrl Load (0.3ms)[0m  [1m[34mSELECT "shortened_urls".* FROM "shortened_urls" ORDER BY "shortened_urls"."id" DESC LIMIT $1[0m  [["LIMIT", 1]]
  [1m[36mVisit Load (0.3ms)[0m  [1m[34mSELECT "visits".* FROM "visits"[0m
  [1m[36mVisit Load (0.2ms)[0m  [1m[34mSELECT "visits".* FROM "visits" WHERE "visits"."short_url_id" = $1 LIMIT $2[0m  [["short_url_id", 2], ["LIMIT", 1]]
  [1m[36mShortenedUrl Load (0.5ms)[0m  [1m[34mSELECT "shortened_urls".* FROM "shortened_urls" ORDER BY "shortened_urls"."id" DESC LIMIT $1[0m  [["LIMIT", 1]]
  [1m[36mVisit Load (0.2ms)[0m  [1m[34mSELECT "visits".* FROM "visits"[0m
  [1m[36mVisit Load (0.3ms)[0m  [1m[34mSELECT "visits".* FROM "visits" WHERE "visits"."short_url_id" = $1 LIMIT $2[0m  [["short_url_id", 2], ["LIMIT", 1]]
  [1m[36mShortenedUrl Load (0.2ms)[0m  [1m[34mSELECT "shortened_urls".* FROM "shortened_urls" ORDER BY "shortened_urls"."id" DESC LIMIT $1[0m  [["LIMIT", 1]]
  [1m[36mVisit Load (0.3ms)[0m  [1m[34mSELECT "visits".* FROM "visits"[0m
  [1m[36mVisit Load (0.3ms)[0m  [1m[34mSELECT "visits".* FROM "visits" WHERE "visits"."short_url_id" = $1 LIMIT $2[0m  [["short_url_id", 2], ["LIMIT", 1]]
  [1m[36mShortenedUrl Load (0.2ms)[0m  [1m[34mSELECT "shortened_urls".* FROM "shortened_urls" ORDER BY "shortened_urls"."id" DESC LIMIT $1[0m  [["LIMIT", 1]]
  [1m[36mVisit Load (0.3ms)[0m  [1m[34mSELECT "visits".* FROM "visits"[0m
  [1m[35m (0.3ms)[0m  [1m[34mSELECT COUNT(*) FROM "visits" WHERE "visits"."short_url_id" = $1[0m  [["short_url_id", 2]]
  [1m[36mShortenedUrl Load (0.1ms)[0m  [1m[34mSELECT "shortened_urls".* FROM "shortened_urls" ORDER BY "shortened_urls"."id" DESC LIMIT $1[0m  [["LIMIT", 1]]
  [1m[35m (0.2ms)[0m  [1m[34mSELECT COUNT(DISTINCT "visits"."id") FROM "visits" WHERE "visits"."short_url_id" = $1[0m  [["short_url_id", 2]]
  [1m[36mShortenedUrl Load (0.4ms)[0m  [1m[34mSELECT "shortened_urls".* FROM "shortened_urls" ORDER BY "shortened_urls"."id" DESC LIMIT $1[0m  [["LIMIT", 1]]
  [1m[35m (0.2ms)[0m  [1m[34mSELECT COUNT(*) FROM "visits" WHERE "visits"."short_url_id" = $1[0m  [["short_url_id", 2]]
  [1m[36mShortenedUrl Load (0.3ms)[0m  [1m[34mSELECT "shortened_urls".* FROM "shortened_urls" ORDER BY "shortened_urls"."id" DESC LIMIT $1[0m  [["LIMIT", 1]]
  [1m[35m (0.3ms)[0m  [1m[34mSELECT COUNT(DISTINCT "visits"."id") FROM "visits" WHERE "visits"."short_url_id" = $1[0m  [["short_url_id", 2]]
  [1m[36mShortenedUrl Load (0.2ms)[0m  [1m[34mSELECT "shortened_urls".* FROM "shortened_urls" ORDER BY "shortened_urls"."id" DESC LIMIT $1[0m  [["LIMIT", 1]]
  [1m[35m (0.1ms)[0m  [1m[34mSELECT COUNT(DISTINCT "visits"."id") FROM "visits" WHERE "visits"."short_url_id" = $1[0m  [["short_url_id", 2]]
  [1m[36mShortenedUrl Load (0.2ms)[0m  [1m[34mSELECT "shortened_urls".* FROM "shortened_urls" ORDER BY "shortened_urls"."id" DESC LIMIT $1[0m  [["LIMIT", 1]]
  [1m[36mShortenedUrl Load (0.3ms)[0m  [1m[34mSELECT "shortened_urls".* FROM "shortened_urls" ORDER BY "shortened_urls"."id" DESC LIMIT $1[0m  [["LIMIT", 1]]
  [1m[35m (0.2ms)[0m  [1m[34mSELECT COUNT(DISTINCT "visits"."id") FROM "visits" WHERE "visits"."short_url_id" = $1[0m  [["short_url_id", 2]]
  [1m[36mShortenedUrl Load (0.2ms)[0m  [1m[34mSELECT "shortened_urls".* FROM "shortened_urls" ORDER BY "shortened_urls"."id" DESC LIMIT $1[0m  [["LIMIT", 1]]
  [1m[35m (0.3ms)[0m  [1m[34mSELECT COUNT(DISTINCT "visits"."id") FROM "visits" WHERE "visits"."short_url_id" = $1[0m  [["short_url_id", 2]]
  [1m[36mShortenedUrl Load (0.3ms)[0m  [1m[34mSELECT "shortened_urls".* FROM "shortened_urls" ORDER BY "shortened_urls"."id" DESC LIMIT $1[0m  [["LIMIT", 1]]
  [1m[35m (0.2ms)[0m  [1m[34mSELECT COUNT(DISTINCT "visits"."id") FROM "visits" WHERE "visits"."short_url_id" = $1[0m  [["short_url_id", 2]]
  [1m[36mShortenedUrl Load (0.2ms)[0m  [1m[34mSELECT "shortened_urls".* FROM "shortened_urls" ORDER BY "shortened_urls"."id" DESC LIMIT $1[0m  [["LIMIT", 1]]
  [1m[35m (0.1ms)[0m  [1m[34mSELECT COUNT(DISTINCT "visits"."id") FROM "visits" WHERE "visits"."short_url_id" = $1[0m  [["short_url_id", 2]]
  [1m[36mShortenedUrl Load (0.3ms)[0m  [1m[34mSELECT "shortened_urls".* FROM "shortened_urls" ORDER BY "shortened_urls"."id" DESC LIMIT $1[0m  [["LIMIT", 1]]
  [1m[36mVisit Load (0.2ms)[0m  [1m[34mSELECT DISTINCT "visits".* FROM "visits" WHERE "visits"."short_url_id" = $1[0m  [["short_url_id", 2]]
  [1m[36mShortenedUrl Load (0.2ms)[0m  [1m[34mSELECT "shortened_urls".* FROM "shortened_urls" ORDER BY "shortened_urls"."id" DESC LIMIT $1[0m  [["LIMIT", 1]]
  [1m[36mVisit Load (0.2ms)[0m  [1m[34mSELECT DISTINCT "visits"."user_id" FROM "visits" WHERE "visits"."short_url_id" = $1[0m  [["short_url_id", 2]]
  [1m[36mShortenedUrl Load (0.3ms)[0m  [1m[34mSELECT "shortened_urls".* FROM "shortened_urls" ORDER BY "shortened_urls"."id" DESC LIMIT $1[0m  [["LIMIT", 1]]
  [1m[36mVisit Load (0.3ms)[0m  [1m[34mSELECT DISTINCT "visits"."user_id" FROM "visits" WHERE "visits"."short_url_id" = $1[0m  [["short_url_id", 2]]
  [1m[36mShortenedUrl Load (0.2ms)[0m  [1m[34mSELECT "shortened_urls".* FROM "shortened_urls" ORDER BY "shortened_urls"."id" DESC LIMIT $1[0m  [["LIMIT", 1]]
  [1m[35m (0.2ms)[0m  [1m[34mSELECT COUNT(DISTINCT "visits"."user_id") FROM "visits" WHERE "visits"."short_url_id" = $1[0m  [["short_url_id", 2]]
  [1m[36mShortenedUrl Load (0.2ms)[0m  [1m[34mSELECT "shortened_urls".* FROM "shortened_urls" ORDER BY "shortened_urls"."id" DESC LIMIT $1[0m  [["LIMIT", 1]]
  [1m[35m (0.3ms)[0m  [1m[34mSELECT COUNT(DISTINCT "visits"."user_id") FROM "visits" WHERE "visits"."short_url_id" = $1[0m  [["short_url_id", 2]]
  [1m[36mShortenedUrl Load (0.3ms)[0m  [1m[34mSELECT "shortened_urls".* FROM "shortened_urls" ORDER BY "shortened_urls"."id" DESC LIMIT $1[0m  [["LIMIT", 1]]
  [1m[35m (0.2ms)[0m  [1m[34mSELECT COUNT(*) FROM "visits" WHERE "visits"."short_url_id" = $1[0m  [["short_url_id", 2]]
  [1m[36mVisit Load (67.9ms)[0m  [1m[34mSELECT "visits".* FROM "visits" ORDER BY "visits"."id" DESC LIMIT $1[0m  [["LIMIT", 1]]
  [1m[36mShortenedUrl Load (39.9ms)[0m  [1m[34mSELECT "shortened_urls".* FROM "shortened_urls" ORDER BY "shortened_urls"."id" DESC LIMIT $1[0m  [["LIMIT", 1]]
  [1m[36mShortenedUrl Load (0.3ms)[0m  [1m[34mSELECT "shortened_urls".* FROM "shortened_urls" ORDER BY "shortened_urls"."id" DESC LIMIT $1[0m  [["LIMIT", 1]]
  [1m[35m (16.2ms)[0m  [1m[34mSELECT COUNT(*) FROM "visits" WHERE "visits"."short_url_id" = $1[0m  [["short_url_id", 2]]
  [1m[36mUser Load (27.5ms)[0m  [1m[34mSELECT "users".* FROM "users" INNER JOIN "visits" ON "users"."id" = "visits"."user_id" WHERE "visits"."short_url_id" = $1[0m  [["short_url_id", 2]]
  [1m[36mShortenedUrl Load (0.8ms)[0m  [1m[34mSELECT "shortened_urls".* FROM "shortened_urls" ORDER BY "shortened_urls"."id" DESC LIMIT $1[0m  [["LIMIT", 1]]
  [1m[35m (0.7ms)[0m  [1m[34mSELECT COUNT(*) FROM "visits" WHERE "visits"."short_url_id" = $1[0m  [["short_url_id", 2]]
  [1m[36mUser Load (0.9ms)[0m  [1m[34mSELECT "users".* FROM "users" INNER JOIN "visits" ON "users"."id" = "visits"."user_id" WHERE "visits"."short_url_id" = $1[0m  [["short_url_id", 2]]
  [1m[36mShortenedUrl Load (0.2ms)[0m  [1m[34mSELECT "shortened_urls".* FROM "shortened_urls" ORDER BY "shortened_urls"."id" DESC LIMIT $1[0m  [["LIMIT", 1]]
  [1m[35m (0.2ms)[0m  [1m[34mSELECT COUNT(*) FROM "visits" WHERE "visits"."short_url_id" = $1[0m  [["short_url_id", 2]]
  [1m[35m (0.3ms)[0m  [1m[34mSELECT COUNT(*) FROM "users" INNER JOIN "visits" ON "users"."id" = "visits"."user_id" WHERE "visits"."short_url_id" = $1[0m  [["short_url_id", 2]]
  [1m[36mShortenedUrl Load (0.6ms)[0m  [1m[34mSELECT "shortened_urls".* FROM "shortened_urls" ORDER BY "shortened_urls"."id" DESC LIMIT $1[0m  [["LIMIT", 1]]
  [1m[35m (0.9ms)[0m  [1m[34mSELECT COUNT(*) FROM "users" INNER JOIN "visits" ON "users"."id" = "visits"."user_id" WHERE "visits"."short_url_id" = $1[0m  [["short_url_id", 2]]
  [1m[36mShortenedUrl Load (0.8ms)[0m  [1m[34mSELECT "shortened_urls".* FROM "shortened_urls" ORDER BY "shortened_urls"."id" DESC LIMIT $1[0m  [["LIMIT", 1]]
  [1m[35m (1.1ms)[0m  [1m[34mSELECT COUNT(DISTINCT user_id) FROM "users" INNER JOIN "visits" ON "users"."id" = "visits"."user_id" WHERE "visits"."short_url_id" = $1[0m  [["short_url_id", 2]]
  [1m[36mShortenedUrl Load (0.2ms)[0m  [1m[34mSELECT "shortened_urls".* FROM "shortened_urls" ORDER BY "shortened_urls"."id" DESC LIMIT $1[0m  [["LIMIT", 1]]
  [1m[36mShortenedUrl Load (0.7ms)[0m  [1m[34mSELECT "shortened_urls".* FROM "shortened_urls" ORDER BY "shortened_urls"."id" DESC LIMIT $1[0m  [["LIMIT", 1]]
  [1m[36mShortenedUrl Load (0.2ms)[0m  [1m[34mSELECT "shortened_urls".* FROM "shortened_urls" ORDER BY "shortened_urls"."id" DESC LIMIT $1[0m  [["LIMIT", 1]]
  [1m[36mUser Load (0.5ms)[0m  [1m[34mSELECT "users".* FROM "users" INNER JOIN "visits" ON "users"."id" = "visits"."user_id" WHERE "visits"."short_url_id" = $1 AND (created_at >= '2021-04-18 08:53:02.268358')[0m  [["short_url_id", 2]]
  [1m[36mUser Load (0.4ms)[0m  [1m[34mSELECT "users".* FROM "users" INNER JOIN "visits" ON "users"."id" = "visits"."user_id" WHERE "visits"."short_url_id" = $1 AND (created_at >= '2021-04-18 08:53:02.268358') /* loading for inspect */ LIMIT $2[0m  [["short_url_id", 2], ["LIMIT", 11]]
  [1m[36mShortenedUrl Load (0.2ms)[0m  [1m[34mSELECT "shortened_urls".* FROM "shortened_urls" ORDER BY "shortened_urls"."id" DESC LIMIT $1[0m  [["LIMIT", 1]]
  [1m[35m (0.4ms)[0m  [1m[34mSELECT COUNT(*) FROM "users" INNER JOIN "visits" ON "users"."id" = "visits"."user_id" WHERE "visits"."short_url_id" = $1 AND (created_at >= '2021-04-18 08:53:14.871377')[0m  [["short_url_id", 2]]
  [1m[36mShortenedUrl Load (0.2ms)[0m  [1m[34mSELECT "shortened_urls".* FROM "shortened_urls" ORDER BY "shortened_urls"."id" DESC LIMIT $1[0m  [["LIMIT", 1]]
  [1m[35m (0.4ms)[0m  [1m[34mSELECT COUNT(*) FROM "users" INNER JOIN "visits" ON "users"."id" = "visits"."user_id" WHERE "visits"."short_url_id" = $1 AND (shortened_url.created_at >= '2021-04-18 08:53:58.874043')[0m  [["short_url_id", 2]]
  [1m[36mShortenedUrl Load (0.2ms)[0m  [1m[34mSELECT "shortened_urls".* FROM "shortened_urls" ORDER BY "shortened_urls"."id" DESC LIMIT $1[0m  [["LIMIT", 1]]
  [1m[35m (0.4ms)[0m  [1m[34mSELECT COUNT(*) FROM "users" INNER JOIN "visits" ON "users"."id" = "visits"."user_id" WHERE "visits"."short_url_id" = $1 AND "users"."created_at" BETWEEN $2 AND $3[0m  [["short_url_id", 2], ["created_at", "2021-04-18 08:56:58.731520"], ["created_at", "2021-04-18 09:06:58.731540"]]
  [1m[36mUser Load (0.7ms)[0m  [1m[34mSELECT "users".* FROM "users" ORDER BY "users"."id" DESC LIMIT $1[0m  [["LIMIT", 1]]
  [1m[36mShortenedUrl Exists? (0.4ms)[0m  [1m[34mSELECT 1 AS one FROM "shortened_urls" WHERE "shortened_urls"."short_url" = $1 LIMIT $2[0m  [["short_url", "9hW0y4BRk_0eQFeeT2k2gQ"], ["LIMIT", 1]]
  [1m[36mTRANSACTION (0.1ms)[0m  [1m[35mBEGIN[0m
  [1m[36mShortenedUrl Exists? (0.2ms)[0m  [1m[34mSELECT 1 AS one FROM "shortened_urls" WHERE "shortened_urls"."short_url" = $1 LIMIT $2[0m  [["short_url", "9hW0y4BRk_0eQFeeT2k2gQ"], ["LIMIT", 1]]
  [1m[36mShortenedUrl Exists? (0.2ms)[0m  [1m[34mSELECT 1 AS one FROM "shortened_urls" WHERE "shortened_urls"."long_url" = $1 LIMIT $2[0m  [["long_url", "takilink"], ["LIMIT", 1]]
  [1m[36mUser Load (0.2ms)[0m  [1m[34mSELECT "users".* FROM "users" WHERE "users"."id" = $1 LIMIT $2[0m  [["id", 2], ["LIMIT", 1]]
  [1m[36mShortenedUrl Create (33.7ms)[0m  [1m[32mINSERT INTO "shortened_urls" ("long_url", "short_url", "user_id") VALUES ($1, $2, $3) RETURNING "id"[0m  [["long_url", "takilink"], ["short_url", "9hW0y4BRk_0eQFeeT2k2gQ"], ["user_id", 2]]
  [1m[36mTRANSACTION (10.5ms)[0m  [1m[35mCOMMIT[0m
  [1m[36mShortenedUrl Load (0.7ms)[0m  [1m[34mSELECT "shortened_urls".* FROM "shortened_urls" ORDER BY "shortened_urls"."id" DESC LIMIT $1[0m  [["LIMIT", 1]]
  [1m[35m (1.0ms)[0m  [1m[34mSELECT COUNT(*) FROM "users" INNER JOIN "visits" ON "users"."id" = "visits"."user_id" WHERE "visits"."short_url_id" = $1 AND "users"."created_at" BETWEEN $2 AND $3[0m  [["short_url_id", 3], ["created_at", "2021-04-18 08:58:14.521902"], ["created_at", "2021-04-18 09:08:14.521975"]]
  [1m[36mShortenedUrl Load (0.2ms)[0m  [1m[34mSELECT "shortened_urls".* FROM "shortened_urls" ORDER BY "shortened_urls"."id" DESC LIMIT $1[0m  [["LIMIT", 1]]
  [1m[36mShortenedUrl Load (0.2ms)[0m  [1m[34mSELECT "shortened_urls".* FROM "shortened_urls" ORDER BY "shortened_urls"."id" DESC LIMIT $1[0m  [["LIMIT", 1]]
  [1m[36mShortenedUrl Load (0.2ms)[0m  [1m[34mSELECT "shortened_urls".* FROM "shortened_urls" ORDER BY "shortened_urls"."id" DESC LIMIT $1[0m  [["LIMIT", 1]]
  [1m[35m (0.3ms)[0m  [1m[34mSELECT COUNT(*) FROM "users" INNER JOIN "visits" ON "users"."id" = "visits"."user_id" WHERE "visits"."short_url_id" = $1 AND "users"."created_at" BETWEEN $2 AND $3[0m  [["short_url_id", 3], ["created_at", "2021-04-18 08:59:41.697928"], ["created_at", "2021-04-18 09:09:41.697949"]]
  [1m[36mShortenedUrl Load (0.2ms)[0m  [1m[34mSELECT "shortened_urls".* FROM "shortened_urls" ORDER BY "shortened_urls"."id" DESC LIMIT $1[0m  [["LIMIT", 1]]
  [1m[36mShortenedUrl Load (0.1ms)[0m  [1m[34mSELECT "shortened_urls".* FROM "shortened_urls" ORDER BY "shortened_urls"."id" DESC LIMIT $1[0m  [["LIMIT", 1]]
  [1m[36mShortenedUrl Load (0.2ms)[0m  [1m[34mSELECT "shortened_urls".* FROM "shortened_urls" ORDER BY "shortened_urls"."id" DESC LIMIT $1[0m  [["LIMIT", 1]]
  [1m[36mVisit Load (0.2ms)[0m  [1m[34mSELECT "visits".* FROM "visits" WHERE "visits"."short_url_id" = $1 /* loading for inspect */ LIMIT $2[0m  [["short_url_id", 3], ["LIMIT", 11]]
  [1m[36mShortenedUrl Load (0.2ms)[0m  [1m[34mSELECT "shortened_urls".* FROM "shortened_urls" ORDER BY "shortened_urls"."id" DESC LIMIT $1[0m  [["LIMIT", 1]]
  [1m[35m (0.2ms)[0m  [1m[34mSELECT COUNT(DISTINCT user_id) FROM "users" INNER JOIN "visits" ON "users"."id" = "visits"."user_id" WHERE "visits"."short_url_id" = $1[0m  [["short_url_id", 3]]
  [1m[36mShortenedUrl Load (0.6ms)[0m  [1m[34mSELECT "shortened_urls".* FROM "shortened_urls" ORDER BY "shortened_urls"."id" DESC LIMIT $1[0m  [["LIMIT", 1]]
  [1m[35m (0.3ms)[0m  [1m[34mSELECT COUNT(DISTINCT user_id) FROM "users" INNER JOIN "visits" ON "users"."id" = "visits"."user_id" WHERE "visits"."short_url_id" = $1[0m  [["short_url_id", 3]]
  [1m[36mShortenedUrl Load (0.7ms)[0m  [1m[34mSELECT "shortened_urls".* FROM "shortened_urls" ORDER BY "shortened_urls"."id" DESC LIMIT $1[0m  [["LIMIT", 1]]
  [1m[35m (1.0ms)[0m  [1m[34mSELECT COUNT(DISTINCT user_id) FROM "users" INNER JOIN "visits" ON "users"."id" = "visits"."user_id" WHERE "visits"."short_url_id" = $1[0m  [["short_url_id", 3]]
  [1m[36mShortenedUrl Load (0.7ms)[0m  [1m[34mSELECT "shortened_urls".* FROM "shortened_urls" ORDER BY "shortened_urls"."id" DESC LIMIT $1[0m  [["LIMIT", 1]]
  [1m[36mShortenedUrl Load (0.6ms)[0m  [1m[34mSELECT "shortened_urls".* FROM "shortened_urls" ORDER BY "shortened_urls"."id" ASC LIMIT $1 OFFSET $2[0m  [["LIMIT", 1], ["OFFSET", 1]]
  [1m[36mShortenedUrl Load (0.7ms)[0m  [1m[34mSELECT "shortened_urls".* FROM "shortened_urls" ORDER BY "shortened_urls"."id" ASC LIMIT $1 OFFSET $2[0m  [["LIMIT", 1], ["OFFSET", 1]]
  [1m[35m (1.0ms)[0m  [1m[34mSELECT COUNT(DISTINCT user_id) FROM "users" INNER JOIN "visits" ON "users"."id" = "visits"."user_id" WHERE "visits"."short_url_id" = $1[0m  [["short_url_id", 2]]
  [1m[36mShortenedUrl Load (0.7ms)[0m  [1m[34mSELECT "shortened_urls".* FROM "shortened_urls" ORDER BY "shortened_urls"."id" ASC LIMIT $1 OFFSET $2[0m  [["LIMIT", 1], ["OFFSET", 1]]
  [1m[35m (1.0ms)[0m  [1m[34mSELECT COUNT(DISTINCT user_id) FROM "users" INNER JOIN "visits" ON "users"."id" = "visits"."user_id" WHERE "visits"."short_url_id" = $1[0m  [["short_url_id", 2]]
  [1m[36mShortenedUrl Load (0.7ms)[0m  [1m[34mSELECT "shortened_urls".* FROM "shortened_urls" ORDER BY "shortened_urls"."id" ASC LIMIT $1 OFFSET $2[0m  [["LIMIT", 1], ["OFFSET", 1]]
  [1m[35m (1.0ms)[0m  [1m[34mSELECT COUNT(DISTINCT user_id) FROM "users" INNER JOIN "visits" ON "users"."id" = "visits"."user_id" WHERE "visits"."short_url_id" = $1[0m  [["short_url_id", 2]]
  [1m[36mShortenedUrl Load (0.6ms)[0m  [1m[34mSELECT "shortened_urls".* FROM "shortened_urls" ORDER BY "shortened_urls"."id" ASC LIMIT $1 OFFSET $2[0m  [["LIMIT", 1], ["OFFSET", 1]]
  [1m[36mShortenedUrl Load (0.2ms)[0m  [1m[34mSELECT "shortened_urls".* FROM "shortened_urls" ORDER BY "shortened_urls"."id" ASC LIMIT $1 OFFSET $2[0m  [["LIMIT", 1], ["OFFSET", 1]]
  [1m[35m (0.3ms)[0m  [1m[34mSELECT COUNT(DISTINCT user_id) FROM "users" INNER JOIN "visits" ON "users"."id" = "visits"."user_id" WHERE "visits"."short_url_id" = $1 AND (visits.created_at BEETWEN '2021-04-18 09:06:42.819200' AND '2021-04-18 09:16:42.819220')[0m  [["short_url_id", 2]]
  [1m[36mShortenedUrl Load (0.2ms)[0m  [1m[34mSELECT "shortened_urls".* FROM "shortened_urls" ORDER BY "shortened_urls"."id" ASC LIMIT $1 OFFSET $2[0m  [["LIMIT", 1], ["OFFSET", 1]]
  [1m[35m (0.4ms)[0m  [1m[34mSELECT COUNT(DISTINCT user_id) FROM "users" INNER JOIN "visits" ON "users"."id" = "visits"."user_id" WHERE "visits"."short_url_id" = $1 AND (visits.created_at BEETWEN #{10.minutes.ago} AND #{Time.now})[0m  [["short_url_id", 2]]
  [1m[36mShortenedUrl Load (0.2ms)[0m  [1m[34mSELECT "shortened_urls".* FROM "shortened_urls" ORDER BY "shortened_urls"."id" ASC LIMIT $1 OFFSET $2[0m  [["LIMIT", 1], ["OFFSET", 1]]
  [1m[35m (0.4ms)[0m  [1m[34mSELECT COUNT(DISTINCT user_id) FROM "users" INNER JOIN "visits" ON "users"."id" = "visits"."user_id" WHERE "visits"."short_url_id" = $1 AND ("visits"."created_at" BEETWEN #{10.minutes.ago} AND #{Time.now})[0m  [["short_url_id", 2]]
  [1m[36mShortenedUrl Load (0.2ms)[0m  [1m[34mSELECT "shortened_urls".* FROM "shortened_urls" ORDER BY "shortened_urls"."id" ASC LIMIT $1 OFFSET $2[0m  [["LIMIT", 1], ["OFFSET", 1]]
  [1m[35m (0.3ms)[0m  [1m[34mSELECT COUNT(DISTINCT user_id) FROM "users" INNER JOIN "visits" ON "users"."id" = "visits"."user_id" WHERE "visits"."short_url_id" = $1 AND "users"."created_at" = $2[0m  [["short_url_id", 2], ["created_at", "2021-04-18 09:12:12.884455"]]
  [1m[36mShortenedUrl Load (0.6ms)[0m  [1m[34mSELECT "shortened_urls".* FROM "shortened_urls" ORDER BY "shortened_urls"."id" ASC LIMIT $1 OFFSET $2[0m  [["LIMIT", 1], ["OFFSET", 1]]
  [1m[35m (1.0ms)[0m  [1m[34mSELECT COUNT(DISTINCT user_id) FROM "users" INNER JOIN "visits" ON "users"."id" = "visits"."user_id" WHERE "visits"."short_url_id" = $1 AND "users"."created_at" BETWEEN $2 AND $3[0m  [["short_url_id", 2], ["created_at", "2021-04-18 09:12:59.604089"], ["created_at", "2021-04-18 09:22:59.604157"]]
  [1m[36mShortenedUrl Load (0.2ms)[0m  [1m[34mSELECT "shortened_urls".* FROM "shortened_urls" ORDER BY "shortened_urls"."id" ASC LIMIT $1 OFFSET $2[0m  [["LIMIT", 1], ["OFFSET", 1]]
  [1m[36mShortenedUrl Load (0.2ms)[0m  [1m[34mSELECT "shortened_urls".* FROM "shortened_urls" ORDER BY "shortened_urls"."id" ASC LIMIT $1 OFFSET $2[0m  [["LIMIT", 1], ["OFFSET", 1]]
  [1m[35m (0.2ms)[0m  [1m[34mSELECT COUNT(DISTINCT "visits"."user_id") FROM "visits" WHERE "visits"."short_url_id" = $1 AND "visits"."created_at" BETWEEN $2 AND $3[0m  [["short_url_id", 2], ["created_at", "2021-04-18 09:15:41.847978"], ["created_at", "2021-04-18 09:25:41.847998"]]
  [1m[36mShortenedUrl Load (0.7ms)[0m  [1m[34mSELECT "shortened_urls".* FROM "shortened_urls" ORDER BY "shortened_urls"."id" ASC LIMIT $1 OFFSET $2[0m  [["LIMIT", 1], ["OFFSET", 1]]
  [1m[35m (0.9ms)[0m  [1m[34mSELECT COUNT(*) FROM "users" INNER JOIN "visits" ON "users"."id" = "visits"."user_id" WHERE "visits"."short_url_id" = $1[0m  [["short_url_id", 2]]
  [1m[36mShortenedUrl Load (0.7ms)[0m  [1m[34mSELECT "shortened_urls".* FROM "shortened_urls" ORDER BY "shortened_urls"."id" ASC LIMIT $1 OFFSET $2[0m  [["LIMIT", 1], ["OFFSET", 1]]
  [1m[35m (1.0ms)[0m  [1m[34mSELECT COUNT(DISTINCT user_id) FROM "users" INNER JOIN "visits" ON "users"."id" = "visits"."user_id" WHERE "visits"."short_url_id" = $1[0m  [["short_url_id", 2]]
  [1m[36mShortenedUrl Load (0.7ms)[0m  [1m[34mSELECT "shortened_urls".* FROM "shortened_urls" ORDER BY "shortened_urls"."id" ASC LIMIT $1 OFFSET $2[0m  [["LIMIT", 1], ["OFFSET", 1]]
  [1m[35m (0.7ms)[0m  [1m[34mSELECT COUNT(DISTINCT "visits"."user_id") FROM "visits" WHERE "visits"."short_url_id" = $1 AND "visits"."created_at" BETWEEN $2 AND $3[0m  [["short_url_id", 2], ["created_at", "2021-04-18 09:16:12.144151"], ["created_at", "2021-04-18 09:26:12.144226"]]
  [1m[36mUser Load (0.6ms)[0m  [1m[34mSELECT "users".* FROM "users" ORDER BY "users"."id" ASC LIMIT $1 OFFSET $2[0m  [["LIMIT", 1], ["OFFSET", 1]]
  [1m[36mShortenedUrl Load (0.5ms)[0m  [1m[34mSELECT "shortened_urls".* FROM "shortened_urls" ORDER BY "shortened_urls"."id" ASC LIMIT $1 OFFSET $2[0m  [["LIMIT", 1], ["OFFSET", 1]]
  [1m[36mVisit Load (0.7ms)[0m  [1m[34mSELECT "visits".* FROM "visits"[0m
  [1m[36mShortenedUrl Load (0.2ms)[0m  [1m[34mSELECT "shortened_urls".* FROM "shortened_urls" ORDER BY "shortened_urls"."id" ASC LIMIT $1 OFFSET $2[0m  [["LIMIT", 1], ["OFFSET", 1]]
  [1m[36mShortenedUrl Load (0.4ms)[0m  [1m[34mSELECT "shortened_urls".* FROM "shortened_urls" ORDER BY "shortened_urls"."id" ASC LIMIT $1 OFFSET $2[0m  [["LIMIT", 1], ["OFFSET", 1]]
  [1m[35m (0.3ms)[0m  [1m[34mSELECT COUNT(DISTINCT "visits"."user_id") FROM "visits" WHERE "visits"."short_url_id" = $1 AND "visits"."created_at" BETWEEN $2 AND $3[0m  [["short_url_id", 2], ["created_at", "2021-04-18 09:21:24.368178"], ["created_at", "2021-04-18 09:31:24.368234"]]
  [1m[36mUser Load (0.2ms)[0m  [1m[34mSELECT "users".* FROM "users" ORDER BY "users"."id" ASC LIMIT $1 OFFSET $2[0m  [["LIMIT", 1], ["OFFSET", 1]]
  [1m[36mShortenedUrl Load (0.3ms)[0m  [1m[34mSELECT "shortened_urls".* FROM "shortened_urls" ORDER BY "shortened_urls"."id" ASC LIMIT $1 OFFSET $2[0m  [["LIMIT", 1], ["OFFSET", 1]]
  [1m[36mTRANSACTION (0.2ms)[0m  [1m[35mBEGIN[0m
  [1m[36mUser Load (0.2ms)[0m  [1m[34mSELECT "users".* FROM "users" WHERE "users"."id" = $1 LIMIT $2[0m  [["id", 2], ["LIMIT", 1]]
  [1m[36mVisit Create (17.8ms)[0m  [1m[32mINSERT INTO "visits" ("short_url_id", "user_id", "created_at", "updated_at") VALUES ($1, $2, $3, $4) RETURNING "id"[0m  [["short_url_id", 2], ["user_id", 2], ["created_at", "2021-04-18 09:33:06.789951"], ["updated_at", "2021-04-18 09:33:06.789951"]]
  [1m[36mTRANSACTION (8.6ms)[0m  [1m[35mCOMMIT[0m
  [1m[36mShortenedUrl Load (0.8ms)[0m  [1m[34mSELECT "shortened_urls".* FROM "shortened_urls" ORDER BY "shortened_urls"."id" ASC LIMIT $1 OFFSET $2[0m  [["LIMIT", 1], ["OFFSET", 1]]
  [1m[35m (0.2ms)[0m  [1m[34mSELECT COUNT(DISTINCT "visits"."user_id") FROM "visits" WHERE "visits"."short_url_id" = $1 AND "visits"."created_at" BETWEEN $2 AND $3[0m  [["short_url_id", 2], ["created_at", "2021-04-18 09:23:11.026403"], ["created_at", "2021-04-18 09:33:11.029392"]]
  [1m[36mTRANSACTION (0.2ms)[0m  [1m[35mBEGIN[0m
  [1m[36mUser Load (0.2ms)[0m  [1m[34mSELECT "users".* FROM "users" WHERE "users"."id" = $1 LIMIT $2[0m  [["id", 2], ["LIMIT", 1]]
  [1m[36mVisit Create (0.2ms)[0m  [1m[32mINSERT INTO "visits" ("short_url_id", "user_id", "created_at", "updated_at") VALUES ($1, $2, $3, $4) RETURNING "id"[0m  [["short_url_id", 2], ["user_id", 2], ["created_at", "2021-04-18 09:33:18.219020"], ["updated_at", "2021-04-18 09:33:18.219020"]]
  [1m[36mTRANSACTION (14.6ms)[0m  [1m[35mCOMMIT[0m
  [1m[36mTRANSACTION (0.2ms)[0m  [1m[35mBEGIN[0m
  [1m[36mUser Load (0.2ms)[0m  [1m[34mSELECT "users".* FROM "users" WHERE "users"."id" = $1 LIMIT $2[0m  [["id", 2], ["LIMIT", 1]]
  [1m[36mVisit Create (0.2ms)[0m  [1m[32mINSERT INTO "visits" ("short_url_id", "user_id", "created_at", "updated_at") VALUES ($1, $2, $3, $4) RETURNING "id"[0m  [["short_url_id", 2], ["user_id", 2], ["created_at", "2021-04-18 09:33:19.028788"], ["updated_at", "2021-04-18 09:33:19.028788"]]
  [1m[36mTRANSACTION (5.3ms)[0m  [1m[35mCOMMIT[0m
  [1m[36mTRANSACTION (0.4ms)[0m  [1m[35mBEGIN[0m
  [1m[36mUser Load (0.6ms)[0m  [1m[34mSELECT "users".* FROM "users" WHERE "users"."id" = $1 LIMIT $2[0m  [["id", 2], ["LIMIT", 1]]
  [1m[36mVisit Create (0.8ms)[0m  [1m[32mINSERT INTO "visits" ("short_url_id", "user_id", "created_at", "updated_at") VALUES ($1, $2, $3, $4) RETURNING "id"[0m  [["short_url_id", 2], ["user_id", 2], ["created_at", "2021-04-18 09:33:19.526730"], ["updated_at", "2021-04-18 09:33:19.526730"]]
  [1m[36mTRANSACTION (5.0ms)[0m  [1m[35mCOMMIT[0m
  [1m[36mShortenedUrl Load (0.3ms)[0m  [1m[34mSELECT "shortened_urls".* FROM "shortened_urls" ORDER BY "shortened_urls"."id" ASC LIMIT $1 OFFSET $2[0m  [["LIMIT", 1], ["OFFSET", 1]]
  [1m[35m (0.2ms)[0m  [1m[34mSELECT COUNT(DISTINCT "visits"."user_id") FROM "visits" WHERE "visits"."short_url_id" = $1 AND "visits"."created_at" BETWEEN $2 AND $3[0m  [["short_url_id", 2], ["created_at", "2021-04-18 09:23:24.033282"], ["created_at", "2021-04-18 09:33:24.033298"]]
  [1m[36mShortenedUrl Load (0.7ms)[0m  [1m[34mSELECT "shortened_urls".* FROM "shortened_urls" ORDER BY "shortened_urls"."id" ASC LIMIT $1 OFFSET $2[0m  [["LIMIT", 1], ["OFFSET", 1]]
  [1m[35m (0.6ms)[0m  [1m[34mSELECT COUNT(DISTINCT "visits"."user_id") FROM "visits" WHERE "visits"."short_url_id" = $1[0m  [["short_url_id", 2]]
  [1m[36mShortenedUrl Load (0.9ms)[0m  [1m[34mSELECT "shortened_urls".* FROM "shortened_urls" ORDER BY "shortened_urls"."id" ASC LIMIT $1 OFFSET $2[0m  [["LIMIT", 1], ["OFFSET", 1]]
  [1m[35m (0.8ms)[0m  [1m[34mSELECT COUNT(DISTINCT "visits"."user_id") FROM "visits" WHERE "visits"."short_url_id" = $1 AND "visits"."created_at" BETWEEN $2 AND $3[0m  [["short_url_id", 2], ["created_at", "2021-04-18 09:27:40.380087"], ["created_at", "2021-04-18 09:37:40.380141"]]
  [1m[36mShortenedUrl Load (0.7ms)[0m  [1m[34mSELECT "shortened_urls".* FROM "shortened_urls" ORDER BY "shortened_urls"."id" ASC LIMIT $1 OFFSET $2[0m  [["LIMIT", 1], ["OFFSET", 1]]
  [1m[35m (0.6ms)[0m  [1m[34mSELECT COUNT(DISTINCT "visits"."user_id") FROM "visits" WHERE "visits"."short_url_id" = $1[0m  [["short_url_id", 2]]
  [1m[36mShortenedUrl Load (0.5ms)[0m  [1m[34mSELECT "shortened_urls".* FROM "shortened_urls" ORDER BY "shortened_urls"."id" ASC LIMIT $1 OFFSET $2[0m  [["LIMIT", 1], ["OFFSET", 1]]
  [1m[35m (1.0ms)[0m  [1m[34mSELECT COUNT(DISTINCT "users"."id") FROM "users" INNER JOIN "visits" ON "users"."id" = "visits"."user_id" WHERE "visits"."short_url_id" = $1[0m  [["short_url_id", 2]]
  [1m[36mVisit Load (0.8ms)[0m  [1m[34mSELECT "visits".* FROM "visits"[0m
  [1m[36mShortenedUrl Load (0.3ms)[0m  [1m[34mSELECT "shortened_urls".* FROM "shortened_urls"[0m
  [1m[36mShortenedUrl Load (0.8ms)[0m  [1m[34mSELECT "shortened_urls".* FROM "shortened_urls"[0m
  [1m[36mTRANSACTION (0.6ms)[0m  [1m[35mBEGIN[0m
  [1m[36mShortenedUrl Destroy (1.1ms)[0m  [1m[31mDELETE FROM "shortened_urls" WHERE "shortened_urls"."id" = $1[0m  [["id", 1]]
  [1m[36mTRANSACTION (8.6ms)[0m  [1m[35mCOMMIT[0m
  [1m[36mTRANSACTION (0.4ms)[0m  [1m[35mBEGIN[0m
  [1m[36mShortenedUrl Destroy (0.6ms)[0m  [1m[31mDELETE FROM "shortened_urls" WHERE "shortened_urls"."id" = $1[0m  [["id", 2]]
  [1m[36mTRANSACTION (2.5ms)[0m  [1m[35mCOMMIT[0m
  [1m[36mTRANSACTION (0.2ms)[0m  [1m[35mBEGIN[0m
  [1m[36mShortenedUrl Destroy (0.4ms)[0m  [1m[31mDELETE FROM "shortened_urls" WHERE "shortened_urls"."id" = $1[0m  [["id", 3]]
  [1m[36mTRANSACTION (6.0ms)[0m  [1m[35mCOMMIT[0m
  [1m[36mShortenedUrl Load (0.7ms)[0m  [1m[34mSELECT "shortened_urls".* FROM "shortened_urls"[0m
  [1m[36mShortenedUrl Load (0.8ms)[0m  [1m[34mSELECT "shortened_urls".* FROM "shortened_urls"[0m
  [1m[36mUser Load (1.8ms)[0m  [1m[34mSELECT "users".* FROM "users"[0m
  [1m[36mTRANSACTION (0.4ms)[0m  [1m[35mBEGIN[0m
  [1m[36mUser Destroy (0.7ms)[0m  [1m[31mDELETE FROM "users" WHERE "users"."id" = $1[0m  [["id", 1]]
  [1m[36mTRANSACTION (19.0ms)[0m  [1m[35mCOMMIT[0m
  [1m[36mTRANSACTION (0.3ms)[0m  [1m[35mBEGIN[0m
  [1m[36mUser Destroy (0.6ms)[0m  [1m[31mDELETE FROM "users" WHERE "users"."id" = $1[0m  [["id", 2]]
  [1m[36mTRANSACTION (5.7ms)[0m  [1m[35mCOMMIT[0m
  [1m[36mVisit Load (1.0ms)[0m  [1m[34mSELECT "visits".* FROM "visits"[0m
  [1m[36mTRANSACTION (0.4ms)[0m  [1m[35mBEGIN[0m
  [1m[36mVisit Destroy (0.7ms)[0m  [1m[31mDELETE FROM "visits" WHERE "visits"."id" = $1[0m  [["id", 1]]
  [1m[36mTRANSACTION (17.3ms)[0m  [1m[35mCOMMIT[0m
  [1m[36mTRANSACTION (0.3ms)[0m  [1m[35mBEGIN[0m
  [1m[36mVisit Destroy (0.6ms)[0m  [1m[31mDELETE FROM "visits" WHERE "visits"."id" = $1[0m  [["id", 2]]
  [1m[36mTRANSACTION (5.2ms)[0m  [1m[35mCOMMIT[0m
  [1m[36mTRANSACTION (0.3ms)[0m  [1m[35mBEGIN[0m
  [1m[36mVisit Destroy (0.6ms)[0m  [1m[31mDELETE FROM "visits" WHERE "visits"."id" = $1[0m  [["id", 3]]
  [1m[36mTRANSACTION (6.6ms)[0m  [1m[35mCOMMIT[0m
  [1m[36mTRANSACTION (0.3ms)[0m  [1m[35mBEGIN[0m
  [1m[36mVisit Destroy (0.6ms)[0m  [1m[31mDELETE FROM "visits" WHERE "visits"."id" = $1[0m  [["id", 4]]
  [1m[36mTRANSACTION (4.4ms)[0m  [1m[35mCOMMIT[0m
  [1m[36mTRANSACTION (0.3ms)[0m  [1m[35mBEGIN[0m
  [1m[36mVisit Destroy (0.8ms)[0m  [1m[31mDELETE FROM "visits" WHERE "visits"."id" = $1[0m  [["id", 5]]
  [1m[36mTRANSACTION (5.3ms)[0m  [1m[35mCOMMIT[0m
  [1m[36mTRANSACTION (0.3ms)[0m  [1m[35mBEGIN[0m
  [1m[36mVisit Destroy (0.6ms)[0m  [1m[31mDELETE FROM "visits" WHERE "visits"."id" = $1[0m  [["id", 6]]
  [1m[36mTRANSACTION (5.4ms)[0m  [1m[35mCOMMIT[0m
  [1m[36mTRANSACTION (0.7ms)[0m  [1m[35mBEGIN[0m
  [1m[36mVisit Destroy (1.0ms)[0m  [1m[31mDELETE FROM "visits" WHERE "visits"."id" = $1[0m  [["id", 7]]
  [1m[36mTRANSACTION (4.8ms)[0m  [1m[35mCOMMIT[0m
  [1m[36mTRANSACTION (0.3ms)[0m  [1m[35mBEGIN[0m
  [1m[36mVisit Destroy (0.6ms)[0m  [1m[31mDELETE FROM "visits" WHERE "visits"."id" = $1[0m  [["id", 8]]
  [1m[36mTRANSACTION (4.9ms)[0m  [1m[35mCOMMIT[0m
  [1m[36mUser Load (0.3ms)[0m  [1m[34mSELECT "users".* FROM "users" WHERE "users"."email" = $1 /* loading for inspect */ LIMIT $2[0m  [["email", "siema@wp.pl"], ["LIMIT", 11]]
  [1m[36mUser Load (0.3ms)[0m  [1m[34mSELECT "users".* FROM "users" WHERE "users"."email" = $1 /* loading for inspect */ LIMIT $2[0m  [["email", "siema@wp.pl"], ["LIMIT", 11]]
  [1m[36mTRANSACTION (0.1ms)[0m  [1m[35mBEGIN[0m
  [1m[36mUser Exists? (0.4ms)[0m  [1m[34mSELECT 1 AS one FROM "users" WHERE "users"."email" = $1 LIMIT $2[0m  [["email", "siema"], ["LIMIT", 1]]
  [1m[36mUser Create (14.6ms)[0m  [1m[32mINSERT INTO "users" ("email", "created_at", "updated_at") VALUES ($1, $2, $3) RETURNING "id"[0m  [["email", "siema"], ["created_at", "2021-04-18 09:57:44.433190"], ["updated_at", "2021-04-18 09:57:44.433190"]]
  [1m[36mTRANSACTION (8.1ms)[0m  [1m[35mCOMMIT[0m
  [1m[36mTRANSACTION (0.2ms)[0m  [1m[35mBEGIN[0m
  [1m[36mUser Exists? (0.4ms)[0m  [1m[34mSELECT 1 AS one FROM "users" WHERE "users"."email" = $1 LIMIT $2[0m  [["email", "siema"], ["LIMIT", 1]]
  [1m[36mTRANSACTION (0.4ms)[0m  [1m[31mROLLBACK[0m
  [1m[36mUser Load (0.3ms)[0m  [1m[34mSELECT "users".* FROM "users"[0m
  [1m[36mTRANSACTION (0.1ms)[0m  [1m[35mBEGIN[0m
  [1m[36mUser Destroy (0.3ms)[0m  [1m[31mDELETE FROM "users" WHERE "users"."id" = $1[0m  [["id", 3]]
  [1m[36mTRANSACTION (13.6ms)[0m  [1m[35mCOMMIT[0m
  [1m[36mUser Load (0.4ms)[0m  [1m[34mSELECT "users".* FROM "users" WHERE "users"."email" = $1 ORDER BY "users"."id" ASC LIMIT $2[0m  [["email", "siema"], ["LIMIT", 1]]
  [1m[36mUser Load (0.3ms)[0m  [1m[34mSELECT "users".* FROM "users" WHERE "users"."email" = $1 /* loading for inspect */ LIMIT $2[0m  [["email", "siema"], ["LIMIT", 11]]
  [1m[36mUser Load (0.2ms)[0m  [1m[34mSELECT "users".* FROM "users" WHERE "users"."email" = $1 /* loading for inspect */ LIMIT $2[0m  [["email", "siema"], ["LIMIT", 11]]
  [1m[36mUser Load (0.3ms)[0m  [1m[34mSELECT "users".* FROM "users" WHERE "users"."email" = $1 ORDER BY "users"."id" ASC LIMIT $2[0m  [["email", "siema@wp.pl"], ["LIMIT", 1]]
  [1m[36mTRANSACTION (0.1ms)[0m  [1m[35mBEGIN[0m
  [1m[36mUser Exists? (0.3ms)[0m  [1m[34mSELECT 1 AS one FROM "users" WHERE "users"."email" = $1 LIMIT $2[0m  [["email", "siema@wp.pl"], ["LIMIT", 1]]
  [1m[36mUser Create (0.3ms)[0m  [1m[32mINSERT INTO "users" ("email", "created_at", "updated_at") VALUES ($1, $2, $3) RETURNING "id"[0m  [["email", "siema@wp.pl"], ["created_at", "2021-04-18 09:59:51.173159"], ["updated_at", "2021-04-18 09:59:51.173159"]]
  [1m[36mTRANSACTION (18.6ms)[0m  [1m[35mCOMMIT[0m
  [1m[36mUser Load (0.3ms)[0m  [1m[34mSELECT "users".* FROM "users" WHERE "users"."email" = $1 ORDER BY "users"."id" ASC LIMIT $2[0m  [["email", "siema@wp.pl"], ["LIMIT", 1]]
  [1m[36mUser Load (0.3ms)[0m  [1m[34mSELECT "users".* FROM "users" WHERE "users"."email" = $1 ORDER BY "users"."id" ASC LIMIT $2[0m  [["email", "siema@wp.pl"], ["LIMIT", 1]]
  [1m[36mShortenedUrl Load (1.0ms)[0m  [1m[34mSELECT "shortened_urls".* FROM "shortened_urls" WHERE "shortened_urls"."long_url" = $1 ORDER BY "shortened_urls"."id" ASC LIMIT $2[0m  [["long_url", "youtube.com"], ["LIMIT", 1]]
  [1m[36mShortenedUrl Exists? (0.8ms)[0m  [1m[34mSELECT 1 AS one FROM "shortened_urls" WHERE "shortened_urls"."short_url" = $1 LIMIT $2[0m  [["short_url", "IA5JW7o9obiVjtbnqY4fvw"], ["LIMIT", 1]]
  ↳ app/models/shortened_url.rb:45:in `random_code'
  [1m[36mTRANSACTION (0.4ms)[0m  [1m[35mBEGIN[0m
  ↳ app/models/shortened_url.rb:35:in `create_url'
  [1m[36mShortenedUrl Exists? (0.7ms)[0m  [1m[34mSELECT 1 AS one FROM "shortened_urls" WHERE "shortened_urls"."short_url" = $1 LIMIT $2[0m  [["short_url", "IA5JW7o9obiVjtbnqY4fvw"], ["LIMIT", 1]]
  ↳ app/models/shortened_url.rb:35:in `create_url'
  [1m[36mShortenedUrl Exists? (0.6ms)[0m  [1m[34mSELECT 1 AS one FROM "shortened_urls" WHERE "shortened_urls"."long_url" = $1 LIMIT $2[0m  [["long_url", "youtube.com"], ["LIMIT", 1]]
  ↳ app/models/shortened_url.rb:35:in `create_url'
  [1m[36mUser Load (0.6ms)[0m  [1m[34mSELECT "users".* FROM "users" WHERE "users"."id" = $1 LIMIT $2[0m  [["id", 4], ["LIMIT", 1]]
  ↳ app/models/shortened_url.rb:35:in `create_url'
  [1m[36mShortenedUrl Create (0.7ms)[0m  [1m[32mINSERT INTO "shortened_urls" ("long_url", "short_url", "user_id") VALUES ($1, $2, $3) RETURNING "id"[0m  [["long_url", "youtube.com"], ["short_url", "IA5JW7o9obiVjtbnqY4fvw"], ["user_id", 4]]
  ↳ app/models/shortened_url.rb:35:in `create_url'
  [1m[36mTRANSACTION (16.3ms)[0m  [1m[35mCOMMIT[0m
  ↳ app/models/shortened_url.rb:35:in `create_url'
  [1m[36mUser Load (0.3ms)[0m  [1m[34mSELECT "users".* FROM "users" WHERE "users"."email" = $1 ORDER BY "users"."id" ASC LIMIT $2[0m  [["email", "siema@wp.pl"], ["LIMIT", 1]]
  [1m[36mShortenedUrl Load (2.2ms)[0m  [1m[34mSELECT "shortened_urls".* FROM "shortened_urls" WHERE "shortened_urls"."long_url" = $1 ORDER BY "shortened_urls"."id" ASC LIMIT $2[0m  [["long_url", "youtube.com"], ["LIMIT", 1]]
  [1m[36mUser Load (0.3ms)[0m  [1m[34mSELECT "users".* FROM "users" WHERE "users"."email" = $1 ORDER BY "users"."id" ASC LIMIT $2[0m  [["email", "siema@wp.pl"], ["LIMIT", 1]]
  [1m[36mUser Load (0.3ms)[0m  [1m[34mSELECT "users".* FROM "users" WHERE "users"."email" = $1 ORDER BY "users"."id" ASC LIMIT $2[0m  [["email", ""], ["LIMIT", 1]]
  [1m[36mTRANSACTION (0.2ms)[0m  [1m[35mBEGIN[0m
  [1m[36mUser Exists? (0.2ms)[0m  [1m[34mSELECT 1 AS one FROM "users" WHERE "users"."email" = $1 LIMIT $2[0m  [["email", ""], ["LIMIT", 1]]
  [1m[36mTRANSACTION (0.1ms)[0m  [1m[31mROLLBACK[0m
  [1m[36mUser Load (0.3ms)[0m  [1m[34mSELECT "users".* FROM "users" WHERE "users"."email" = $1 ORDER BY "users"."id" ASC LIMIT $2[0m  [["email", "siema@wp.pl"], ["LIMIT", 1]]
  [1m[36mShortenedUrl Load (0.9ms)[0m  [1m[34mSELECT "shortened_urls".* FROM "shortened_urls" WHERE "shortened_urls"."short_url" = $1 ORDER BY "shortened_urls"."id" ASC LIMIT $2[0m  [["short_url", "\e[200~IA5JW7o9obiVjtbnqY4fvw\e[201~"], ["LIMIT", 1]]
  [1m[36mUser Load (0.3ms)[0m  [1m[34mSELECT "users".* FROM "users" WHERE "users"."email" = $1 ORDER BY "users"."id" ASC LIMIT $2[0m  [["email", "siema@wp.pl"], ["LIMIT", 1]]
  [1m[36mShortenedUrl Load (0.9ms)[0m  [1m[34mSELECT "shortened_urls".* FROM "shortened_urls" WHERE "shortened_urls"."short_url" = $1 ORDER BY "shortened_urls"."id" ASC LIMIT $2[0m  [["short_url", ""], ["LIMIT", 1]]
  [1m[36mUser Load (0.3ms)[0m  [1m[34mSELECT "users".* FROM "users" WHERE "users"."email" = $1 ORDER BY "users"."id" ASC LIMIT $2[0m  [["email", "siema@wp.pl"], ["LIMIT", 1]]
  [1m[36mShortenedUrl Load (0.9ms)[0m  [1m[34mSELECT "shortened_urls".* FROM "shortened_urls" WHERE "shortened_urls"."short_url" = $1 ORDER BY "shortened_urls"."id" ASC LIMIT $2[0m  [["short_url", "e"], ["LIMIT", 1]]
  [1m[36mUser Load (0.3ms)[0m  [1m[34mSELECT "users".* FROM "users" WHERE "users"."email" = $1 ORDER BY "users"."id" ASC LIMIT $2[0m  [["email", "siema@wp.pl"], ["LIMIT", 1]]
  [1m[36mShortenedUrl Load (0.9ms)[0m  [1m[34mSELECT "shortened_urls".* FROM "shortened_urls" WHERE "shortened_urls"."short_url" = $1 ORDER BY "shortened_urls"."id" ASC LIMIT $2[0m  [["short_url", "e"], ["LIMIT", 1]]
  [1m[36mUser Load (0.4ms)[0m  [1m[34mSELECT "users".* FROM "users" WHERE "users"."email" = $1 ORDER BY "users"."id" ASC LIMIT $2[0m  [["email", "siema@wp.pl"], ["LIMIT", 1]]
  [1m[36mShortenedUrl Load (0.4ms)[0m  [1m[34mSELECT "shortened_urls".* FROM "shortened_urls" WHERE "shortened_urls"."short_url" = $1 ORDER BY "shortened_urls"."id" ASC LIMIT $2[0m  [["short_url", "IA5JW7o9obiVjtbnqY4fvw"], ["LIMIT", 1]]
  [1m[36mUser Load (0.3ms)[0m  [1m[34mSELECT "users".* FROM "users" WHERE "users"."email" = $1 ORDER BY "users"."id" ASC LIMIT $2[0m  [["email", "siema@wp.pl"], ["LIMIT", 1]]
  [1m[36mShortenedUrl Load (0.9ms)[0m  [1m[34mSELECT "shortened_urls".* FROM "shortened_urls" WHERE "shortened_urls"."short_url" = $1 ORDER BY "shortened_urls"."id" ASC LIMIT $2[0m  [["short_url", "IA5JW7o9obiVjtbnqY4fvw"], ["LIMIT", 1]]
  [1m[36mUser Load (0.4ms)[0m  [1m[34mSELECT "users".* FROM "users" WHERE "users"."email" = $1 ORDER BY "users"."id" ASC LIMIT $2[0m  [["email", "siema@wp.pl"], ["LIMIT", 1]]
  [1m[36mShortenedUrl Load (0.9ms)[0m  [1m[34mSELECT "shortened_urls".* FROM "shortened_urls" WHERE "shortened_urls"."short_url" = $1 ORDER BY "shortened_urls"."id" ASC LIMIT $2[0m  [["short_url", "IA5JW7o9obiVjtbnqY4fvw"], ["LIMIT", 1]]
  [1m[36mTRANSACTION (0.2ms)[0m  [1m[35mBEGIN[0m
  ↳ app/models/visit.rb:15:in `record_visit!'
  [1m[36mUser Load (0.2ms)[0m  [1m[34mSELECT "users".* FROM "users" WHERE "users"."id" = $1 LIMIT $2[0m  [["id", 4], ["LIMIT", 1]]
  ↳ app/models/visit.rb:15:in `record_visit!'
  [1m[36mVisit Create (0.4ms)[0m  [1m[32mINSERT INTO "visits" ("short_url_id", "user_id", "created_at", "updated_at") VALUES ($1, $2, $3, $4) RETURNING "id"[0m  [["short_url_id", 4], ["user_id", 4], ["created_at", "2021-04-18 10:31:21.367817"], ["updated_at", "2021-04-18 10:31:21.367817"]]
  ↳ app/models/visit.rb:15:in `record_visit!'
  [1m[36mTRANSACTION (19.3ms)[0m  [1m[35mCOMMIT[0m
  ↳ app/models/visit.rb:15:in `record_visit!'
  [1m[36mVisit Load (0.3ms)[0m  [1m[34mSELECT "visits".* FROM "visits"[0m
  [1m[36mUser Load (1.1ms)[0m  [1m[34mSELECT "users".* FROM "users"[0m
  [1m[36mShortenedUrl Load (1.3ms)[0m  [1m[34mSELECT "shortened_urls".* FROM "shortened_urls"[0m
